2021-03-03 12:46:12.542+0000 WARN [o.n.k.i.JvmChecker] You are using an unsupported version of the Java runtime. Please use Oracle(R) Java(TM) Runtime Environment 8, OpenJDK(TM) 8 or IBM J9.
2021-03-03 12:46:12.634+0000 WARN [o.n.i.p.PageCache] The dbms.memory.pagecache.size setting has not been configured. It is recommended that this setting is always explicitly configured, to ensure the system has a balanced configuration. Until then, a computed heuristic value of 3221225472 bytes will be used instead. 
2021-03-03 12:46:13.131+0000 INFO [o.n.k.i.f.CommunityEditionModule] No locking implementation specified, defaulting to 'community'
2021-03-03 12:46:13.379+0000 INFO [o.n.k.AvailabilityGuard] Requirement makes database unavailable: Database available
2021-03-03 12:46:13.402+0000 INFO [o.n.k.i.DiagnosticsManager] --- INITIALIZED diagnostics START ---
2021-03-03 12:46:13.402+0000 INFO [o.n.k.i.DiagnosticsManager] Neo4j Kernel properties:
2021-03-03 12:46:13.403+0000 INFO [o.n.k.i.DiagnosticsManager] unsupported.dbms.directories.neo4j_home=/Users/pavel.koupil/Projects/cat-transformations/MyNeo4jDB
2021-03-03 12:46:13.403+0000 INFO [o.n.k.i.DiagnosticsManager] unsupported.dbms.edition=community
2021-03-03 12:46:13.403+0000 INFO [o.n.k.i.DiagnosticsManager] unsupported.dbms.ephemeral=false
2021-03-03 12:46:13.403+0000 INFO [o.n.k.i.DiagnosticsManager] Diagnostics providers:
2021-03-03 12:46:13.404+0000 INFO [o.n.k.i.DiagnosticsManager] org.neo4j.kernel.configuration.Config
2021-03-03 12:46:13.404+0000 INFO [o.n.k.i.DiagnosticsManager] org.neo4j.kernel.info.DiagnosticsManager
2021-03-03 12:46:13.404+0000 INFO [o.n.k.i.DiagnosticsManager] SYSTEM_MEMORY
2021-03-03 12:46:13.404+0000 INFO [o.n.k.i.DiagnosticsManager] JAVA_MEMORY
2021-03-03 12:46:13.404+0000 INFO [o.n.k.i.DiagnosticsManager] OPERATING_SYSTEM
2021-03-03 12:46:13.404+0000 INFO [o.n.k.i.DiagnosticsManager] JAVA_VIRTUAL_MACHINE
2021-03-03 12:46:13.404+0000 INFO [o.n.k.i.DiagnosticsManager] CLASSPATH
2021-03-03 12:46:13.404+0000 INFO [o.n.k.i.DiagnosticsManager] LIBRARY_PATH
2021-03-03 12:46:13.405+0000 INFO [o.n.k.i.DiagnosticsManager] SYSTEM_PROPERTIES
2021-03-03 12:46:13.405+0000 INFO [o.n.k.i.DiagnosticsManager] NETWORK
2021-03-03 12:46:13.405+0000 INFO [o.n.k.i.DiagnosticsManager] System memory information:
2021-03-03 12:46:13.408+0000 INFO [o.n.k.i.DiagnosticsManager] Total Physical memory: 8,00 GB
2021-03-03 12:46:13.410+0000 INFO [o.n.k.i.DiagnosticsManager] Free Physical memory: 111,11 MB
2021-03-03 12:46:13.411+0000 INFO [o.n.k.i.DiagnosticsManager] Committed virtual memory: 7,70 GB
2021-03-03 12:46:13.412+0000 INFO [o.n.k.i.DiagnosticsManager] Total swap space: 3,00 GB
2021-03-03 12:46:13.413+0000 INFO [o.n.k.i.DiagnosticsManager] Free swap space: 1,18 GB
2021-03-03 12:46:13.413+0000 INFO [o.n.k.i.DiagnosticsManager] JVM memory information:
2021-03-03 12:46:13.414+0000 INFO [o.n.k.i.DiagnosticsManager] Free  memory: 98,23 MB
2021-03-03 12:46:13.415+0000 INFO [o.n.k.i.DiagnosticsManager] Total memory: 130,00 MB
2021-03-03 12:46:13.415+0000 INFO [o.n.k.i.DiagnosticsManager] Max   memory: 2,00 GB
2021-03-03 12:46:13.443+0000 INFO [o.n.k.i.DiagnosticsManager] Garbage Collector: G1 Young Generation: [G1 Eden Space, G1 Survivor Space, G1 Old Gen]
2021-03-03 12:46:13.443+0000 INFO [o.n.k.i.DiagnosticsManager] Garbage Collector: G1 Old Generation: [G1 Eden Space, G1 Survivor Space, G1 Old Gen]
2021-03-03 12:46:13.446+0000 INFO [o.n.k.i.DiagnosticsManager] Memory Pool: CodeHeap 'non-nmethods' (Non-heap memory): committed=2,44 MB, used=1,17 MB, max=5,57 MB, threshold=0,00 B
2021-03-03 12:46:13.448+0000 INFO [o.n.k.i.DiagnosticsManager] Memory Pool: Metaspace (Non-heap memory): committed=9,38 MB, used=8,84 MB, max=-1,00 B, threshold=0,00 B
2021-03-03 12:46:13.449+0000 INFO [o.n.k.i.DiagnosticsManager] Memory Pool: CodeHeap 'profiled nmethods' (Non-heap memory): committed=2,81 MB, used=2,76 MB, max=117,21 MB, threshold=0,00 B
2021-03-03 12:46:13.451+0000 INFO [o.n.k.i.DiagnosticsManager] Memory Pool: Compressed Class Space (Non-heap memory): committed=1,38 MB, used=1,16 MB, max=1,00 GB, threshold=0,00 B
2021-03-03 12:46:13.451+0000 INFO [o.n.k.i.DiagnosticsManager] Memory Pool: G1 Eden Space (Heap memory): committed=21,00 MB, used=17,00 MB, max=-1,00 B, threshold=?
2021-03-03 12:46:13.452+0000 INFO [o.n.k.i.DiagnosticsManager] Memory Pool: G1 Old Gen (Heap memory): committed=107,00 MB, used=11,77 MB, max=2,00 GB, threshold=0,00 B
2021-03-03 12:46:13.452+0000 INFO [o.n.k.i.DiagnosticsManager] Memory Pool: G1 Survivor Space (Heap memory): committed=2,00 MB, used=2,00 MB, max=-1,00 B, threshold=?
2021-03-03 12:46:13.453+0000 INFO [o.n.k.i.DiagnosticsManager] Memory Pool: CodeHeap 'non-profiled nmethods' (Non-heap memory): committed=2,44 MB, used=510,13 kB, max=117,22 MB, threshold=0,00 B
2021-03-03 12:46:13.453+0000 INFO [o.n.k.i.DiagnosticsManager] Operating system information:
2021-03-03 12:46:13.454+0000 INFO [o.n.k.i.DiagnosticsManager] Operating System: Mac OS X; version: 10.16; arch: x86_64; cpus: 4
2021-03-03 12:46:13.455+0000 INFO [o.n.k.i.DiagnosticsManager] Max number of file descriptors: 10240
2021-03-03 12:46:13.457+0000 INFO [o.n.k.i.DiagnosticsManager] Number of open file descriptors: 74
2021-03-03 12:46:13.626+0000 INFO [o.n.k.i.DiagnosticsManager] Process id: 7988@Pavel-MacBook-Pro.local
2021-03-03 12:46:13.626+0000 INFO [o.n.k.i.DiagnosticsManager] Byte order: LITTLE_ENDIAN
2021-03-03 12:46:13.661+0000 INFO [o.n.k.i.DiagnosticsManager] Local timezone: Europe/Prague
2021-03-03 12:46:13.661+0000 INFO [o.n.k.i.DiagnosticsManager] JVM information:
2021-03-03 12:46:13.661+0000 INFO [o.n.k.i.DiagnosticsManager] VM Name: Java HotSpot(TM) 64-Bit Server VM
2021-03-03 12:46:13.661+0000 INFO [o.n.k.i.DiagnosticsManager] VM Vendor: Oracle Corporation
2021-03-03 12:46:13.661+0000 INFO [o.n.k.i.DiagnosticsManager] VM Version: 15.0.2+7-27
2021-03-03 12:46:13.662+0000 INFO [o.n.k.i.DiagnosticsManager] JIT compiler: HotSpot 64-Bit Tiered Compilers
2021-03-03 12:46:13.662+0000 INFO [o.n.k.i.DiagnosticsManager] VM Arguments: []
2021-03-03 12:46:13.662+0000 INFO [o.n.k.i.DiagnosticsManager] Java classpath:
2021-03-03 12:46:13.670+0000 INFO [o.n.k.i.DiagnosticsManager]  [classpath] /Users/pavel.koupil/.m2/repository/org/neo4j/neo4j-ssl/3.3.0/neo4j-ssl-3.3.0.jar
2021-03-03 12:46:13.670+0000 INFO [o.n.k.i.DiagnosticsManager]  [classpath] /Users/pavel.koupil/.m2/repository/com/opencsv/opencsv/5.3/opencsv-5.3.jar
2021-03-03 12:46:13.671+0000 INFO [o.n.k.i.DiagnosticsManager]  [classpath] /Users/pavel.koupil/.m2/repository/org/mockito/mockito-all/1.10.19/mockito-all-1.10.19.jar
2021-03-03 12:46:13.671+0000 INFO [o.n.k.i.DiagnosticsManager]  [classpath] /Users/pavel.koupil/.m2/repository/com/github/ben-manes/caffeine/caffeine/2.3.3/caffeine-2.3.3.jar
2021-03-03 12:46:13.671+0000 INFO [o.n.k.i.DiagnosticsManager]  [classpath] /Users/pavel.koupil/.m2/repository/org/neo4j/neo4j-graph-algo/3.3.0/neo4j-graph-algo-3.3.0.jar
2021-03-03 12:46:13.671+0000 INFO [o.n.k.i.DiagnosticsManager]  [classpath] /Users/pavel.koupil/.m2/repository/net/sf/opencsv/opencsv/2.3/opencsv-2.3.jar
2021-03-03 12:46:13.671+0000 INFO [o.n.k.i.DiagnosticsManager]  [classpath] /Users/pavel.koupil/.m2/repository/org/apache/commons/commons-collections4/4.4/commons-collections4-4.4.jar
2021-03-03 12:46:13.671+0000 INFO [o.n.k.i.DiagnosticsManager]  [classpath] /Users/pavel.koupil/.m2/repository/org/neo4j/neo4j-cypher-frontend-3.3/3.3.0/neo4j-cypher-frontend-3.3-3.3.0.jar
2021-03-03 12:46:13.671+0000 INFO [o.n.k.i.DiagnosticsManager]  [classpath] /Users/pavel.koupil/.m2/repository/org/neo4j/neo4j/3.3.0/neo4j-3.3.0.jar
2021-03-03 12:46:13.671+0000 INFO [o.n.k.i.DiagnosticsManager]  [classpath] /Users/pavel.koupil/.m2/repository/org/neo4j/neo4j-graph-matching/3.1.6/neo4j-graph-matching-3.1.6.jar
2021-03-03 12:46:13.671+0000 INFO [o.n.k.i.DiagnosticsManager]  [classpath] /Users/pavel.koupil/.m2/repository/io/netty/netty-all/4.1.15.Final/netty-all-4.1.15.Final.jar
2021-03-03 12:46:13.671+0000 INFO [o.n.k.i.DiagnosticsManager]  [classpath] /Users/pavel.koupil/.m2/repository/org/apache/commons/commons-compress/1.12/commons-compress-1.12.jar
2021-03-03 12:46:13.671+0000 INFO [o.n.k.i.DiagnosticsManager]  [classpath] /Users/pavel.koupil/.m2/repository/org/neo4j/neo4j-cypher-frontend-3.2/3.2.5/neo4j-cypher-frontend-3.2-3.2.5.jar
2021-03-03 12:46:13.671+0000 INFO [o.n.k.i.DiagnosticsManager]  [classpath] /Users/pavel.koupil/.m2/repository/org/apache/lucene/lucene-backward-codecs/5.5.0/lucene-backward-codecs-5.5.0.jar
2021-03-03 12:46:13.671+0000 INFO [o.n.k.i.DiagnosticsManager]  [classpath] /Users/pavel.koupil/.m2/repository/org/ow2/asm/asm-util/5.2/asm-util-5.2.jar
2021-03-03 12:46:13.671+0000 INFO [o.n.k.i.DiagnosticsManager]  [classpath] /Users/pavel.koupil/.m2/repository/org/parboiled/parboiled-scala_2.11/1.1.7/parboiled-scala_2.11-1.1.7.jar
2021-03-03 12:46:13.671+0000 INFO [o.n.k.i.DiagnosticsManager]  [classpath] /Users/pavel.koupil/.m2/repository/org/neo4j/neo4j-kernel/3.3.0/neo4j-kernel-3.3.0.jar
2021-03-03 12:46:13.672+0000 INFO [o.n.k.i.DiagnosticsManager]  [classpath] /Users/pavel.koupil/.m2/repository/org/parboiled/parboiled-core/1.1.7/parboiled-core-1.1.7.jar
2021-03-03 12:46:13.672+0000 INFO [o.n.k.i.DiagnosticsManager]  [classpath] /Users/pavel.koupil/.m2/repository/org/ow2/asm/asm/5.2/asm-5.2.jar
2021-03-03 12:46:13.672+0000 INFO [o.n.k.i.DiagnosticsManager]  [classpath] /Users/pavel.koupil/.m2/repository/org/apache/lucene/lucene-codecs/5.5.0/lucene-codecs-5.5.0.jar
2021-03-03 12:46:13.672+0000 INFO [o.n.k.i.DiagnosticsManager]  [classpath] /Users/pavel.koupil/.m2/repository/org/neo4j/neo4j-graphdb-api/3.3.0/neo4j-graphdb-api-3.3.0.jar
2021-03-03 12:46:13.672+0000 INFO [o.n.k.i.DiagnosticsManager]  [classpath] /Users/pavel.koupil/.m2/repository/org/bouncycastle/bcpkix-jdk15on/1.53/bcpkix-jdk15on-1.53.jar
2021-03-03 12:46:13.672+0000 INFO [o.n.k.i.DiagnosticsManager]  [classpath] /Users/pavel.koupil/.m2/repository/org/neo4j/neo4j-cypher-logical-plans-3.3/3.3.0/neo4j-cypher-logical-plans-3.3-3.3.0.jar
2021-03-03 12:46:13.672+0000 INFO [o.n.k.i.DiagnosticsManager]  [classpath] /Users/pavel.koupil/.m2/repository/org/apache/lucene/lucene-core/5.5.0/lucene-core-5.5.0.jar
2021-03-03 12:46:13.672+0000 INFO [o.n.k.i.DiagnosticsManager]  [classpath] /Users/pavel.koupil/.m2/repository/org/neo4j/neo4j-import-tool/3.3.0/neo4j-import-tool-3.3.0.jar
2021-03-03 12:46:13.672+0000 INFO [o.n.k.i.DiagnosticsManager]  [classpath] /Users/pavel.koupil/.m2/repository/commons-beanutils/commons-beanutils/1.9.4/commons-beanutils-1.9.4.jar
2021-03-03 12:46:13.672+0000 INFO [o.n.k.i.DiagnosticsManager]  [classpath] /Users/pavel.koupil/.m2/repository/org/neo4j/neo4j-cypher-compiler-2.3/2.3.11/neo4j-cypher-compiler-2.3-2.3.11.jar
2021-03-03 12:46:13.672+0000 INFO [o.n.k.i.DiagnosticsManager]  [classpath] /Users/pavel.koupil/.m2/repository/org/neo4j/neo4j-cypher-frontend-3.1/3.1.6/neo4j-cypher-frontend-3.1-3.1.6.jar
2021-03-03 12:46:13.672+0000 INFO [o.n.k.i.DiagnosticsManager]  [classpath] /Users/pavel.koupil/.m2/repository/org/neo4j/neo4j-codegen/3.3.0/neo4j-codegen-3.3.0.jar
2021-03-03 12:46:13.672+0000 INFO [o.n.k.i.DiagnosticsManager]  [classpath] /Users/pavel.koupil/.m2/repository/org/neo4j/neo4j-cypher-compiler-3.1/3.1.6/neo4j-cypher-compiler-3.1-3.1.6.jar
2021-03-03 12:46:13.672+0000 INFO [o.n.k.i.DiagnosticsManager]  [classpath] /Users/pavel.koupil/.m2/repository/org/mongodb/mongo-java-driver/3.12.8/mongo-java-driver-3.12.8.jar
2021-03-03 12:46:13.672+0000 INFO [o.n.k.i.DiagnosticsManager]  [classpath] /Users/pavel.koupil/.m2/repository/org/neo4j/neo4j-jmx/3.3.0/neo4j-jmx-3.3.0.jar
2021-03-03 12:46:13.673+0000 INFO [o.n.k.i.DiagnosticsManager]  [classpath] /Users/pavel.koupil/.m2/repository/org/neo4j/neo4j-lucene-index/3.3.0/neo4j-lucene-index-3.3.0.jar
2021-03-03 12:46:13.673+0000 INFO [o.n.k.i.DiagnosticsManager]  [classpath] /Users/pavel.koupil/.m2/repository/org/neo4j/neo4j-unsafe/3.3.0/neo4j-unsafe-3.3.0.jar
2021-03-03 12:46:13.673+0000 INFO [o.n.k.i.DiagnosticsManager]  [classpath] /Users/pavel.koupil/.m2/repository/org/neo4j/neo4j-cypher-ir-3.2/3.2.5/neo4j-cypher-ir-3.2-3.2.5.jar
2021-03-03 12:46:13.673+0000 INFO [o.n.k.i.DiagnosticsManager]  [classpath] /Users/pavel.koupil/.m2/repository/org/neo4j/neo4j-cypher-frontend-2.3/2.3.11/neo4j-cypher-frontend-2.3-2.3.11.jar
2021-03-03 12:46:13.673+0000 INFO [o.n.k.i.DiagnosticsManager]  [classpath] /Users/pavel.koupil/.m2/repository/org/neo4j/neo4j-udc/3.3.0/neo4j-udc-3.3.0.jar
2021-03-03 12:46:13.673+0000 INFO [o.n.k.i.DiagnosticsManager]  [classpath] /Users/pavel.koupil/.m2/repository/org/neo4j/neo4j-cypher/3.3.0/neo4j-cypher-3.3.0.jar
2021-03-03 12:46:13.673+0000 INFO [o.n.k.i.DiagnosticsManager]  [classpath] /Users/pavel.koupil/.m2/repository/com/googlecode/concurrentlinkedhashmap/concurrentlinkedhashmap-lru/1.4.2/concurrentlinkedhashmap-lru-1.4.2.jar
2021-03-03 12:46:13.673+0000 INFO [o.n.k.i.DiagnosticsManager]  [classpath] /Users/pavel.koupil/.m2/repository/org/neo4j/neo4j-consistency-check/3.3.0/neo4j-consistency-check-3.3.0.jar
2021-03-03 12:46:13.673+0000 INFO [o.n.k.i.DiagnosticsManager]  [classpath] /Users/pavel.koupil/.m2/repository/org/neo4j/neo4j-io/3.3.0/neo4j-io-3.3.0.jar
2021-03-03 12:46:13.673+0000 INFO [o.n.k.i.DiagnosticsManager]  [classpath] /Users/pavel.koupil/.m2/repository/org/scala-lang/scala-library/2.11.11/scala-library-2.11.11.jar
2021-03-03 12:46:13.673+0000 INFO [o.n.k.i.DiagnosticsManager]  [classpath] /Users/pavel.koupil/.m2/repository/org/apache/lucene/lucene-queryparser/5.5.0/lucene-queryparser-5.5.0.jar
2021-03-03 12:46:13.673+0000 INFO [o.n.k.i.DiagnosticsManager]  [classpath] /Users/pavel.koupil/.m2/repository/org/neo4j/neo4j-dbms/3.3.0/neo4j-dbms-3.3.0.jar
2021-03-03 12:46:13.674+0000 INFO [o.n.k.i.DiagnosticsManager]  [classpath] /Users/pavel.koupil/.m2/repository/commons-collections/commons-collections/3.2.2/commons-collections-3.2.2.jar
2021-03-03 12:46:13.674+0000 INFO [o.n.k.i.DiagnosticsManager]  [classpath] /Users/pavel.koupil/Projects/cat-transformations/target/classes
2021-03-03 12:46:13.674+0000 INFO [o.n.k.i.DiagnosticsManager]  [classpath] /Users/pavel.koupil/.m2/repository/org/neo4j/neo4j-primitive-collections/3.3.0/neo4j-primitive-collections-3.3.0.jar
2021-03-03 12:46:13.674+0000 INFO [o.n.k.i.DiagnosticsManager]  [classpath] /Users/pavel.koupil/.m2/repository/org/neo4j/neo4j-lucene-upgrade/3.3.0/neo4j-lucene-upgrade-3.3.0.jar
2021-03-03 12:46:13.674+0000 INFO [o.n.k.i.DiagnosticsManager]  [classpath] /Users/pavel.koupil/.m2/repository/org/bouncycastle/bcprov-jdk15on/1.53/bcprov-jdk15on-1.53.jar
2021-03-03 12:46:13.674+0000 INFO [o.n.k.i.DiagnosticsManager]  [classpath] /Users/pavel.koupil/.m2/repository/org/neo4j/neo4j-configuration/3.3.0/neo4j-configuration-3.3.0.jar
2021-03-03 12:46:13.674+0000 INFO [o.n.k.i.DiagnosticsManager]  [classpath] /Users/pavel.koupil/.m2/repository/org/apache/commons/commons-text/1.9/commons-text-1.9.jar
2021-03-03 12:46:13.674+0000 INFO [o.n.k.i.DiagnosticsManager]  [classpath] /Users/pavel.koupil/.m2/repository/org/neo4j/neo4j-cypher-compiler-3.2/3.2.5/neo4j-cypher-compiler-3.2-3.2.5.jar
2021-03-03 12:46:13.674+0000 INFO [o.n.k.i.DiagnosticsManager]  [classpath] /Users/pavel.koupil/.m2/repository/org/ow2/asm/asm-analysis/5.2/asm-analysis-5.2.jar
2021-03-03 12:46:13.674+0000 INFO [o.n.k.i.DiagnosticsManager]  [classpath] /Users/pavel.koupil/.m2/repository/org/apache/commons/commons-lang3/3.11/commons-lang3-3.11.jar
2021-03-03 12:46:13.675+0000 INFO [o.n.k.i.DiagnosticsManager]  [classpath] /Users/pavel.koupil/.m2/repository/org/neo4j/neo4j-cypher-compiler-3.3/3.3.0/neo4j-cypher-compiler-3.3-3.3.0.jar
2021-03-03 12:46:13.675+0000 INFO [o.n.k.i.DiagnosticsManager]  [classpath] /Users/pavel.koupil/.m2/repository/commons-logging/commons-logging/1.2/commons-logging-1.2.jar
2021-03-03 12:46:13.675+0000 INFO [o.n.k.i.DiagnosticsManager]  [classpath] /Users/pavel.koupil/.m2/repository/org/ow2/asm/asm-tree/5.2/asm-tree-5.2.jar
2021-03-03 12:46:13.675+0000 INFO [o.n.k.i.DiagnosticsManager]  [classpath] /Users/pavel.koupil/.m2/repository/org/neo4j/neo4j-index/3.3.0/neo4j-index-3.3.0.jar
2021-03-03 12:46:13.675+0000 INFO [o.n.k.i.DiagnosticsManager]  [classpath] /Users/pavel.koupil/.m2/repository/org/neo4j/neo4j-command-line/3.3.0/neo4j-command-line-3.3.0.jar
2021-03-03 12:46:13.675+0000 INFO [o.n.k.i.DiagnosticsManager]  [classpath] /Users/pavel.koupil/.m2/repository/org/neo4j/neo4j-logging/3.3.0/neo4j-logging-3.3.0.jar
2021-03-03 12:46:13.676+0000 INFO [o.n.k.i.DiagnosticsManager]  [classpath] /Users/pavel.koupil/.m2/repository/org/apache/lucene/lucene-analyzers-common/5.5.0/lucene-analyzers-common-5.5.0.jar
2021-03-03 12:46:13.676+0000 INFO [o.n.k.i.DiagnosticsManager]  [classpath] /Users/pavel.koupil/.m2/repository/org/neo4j/neo4j-resource/3.3.0/neo4j-resource-3.3.0.jar
2021-03-03 12:46:13.676+0000 INFO [o.n.k.i.DiagnosticsManager]  [classpath] /Users/pavel.koupil/.m2/repository/org/scala-lang/scala-reflect/2.11.11/scala-reflect-2.11.11.jar
2021-03-03 12:46:13.676+0000 INFO [o.n.k.i.DiagnosticsManager]  [classpath] /Users/pavel.koupil/.m2/repository/org/neo4j/neo4j-common/3.3.0/neo4j-common-3.3.0.jar
2021-03-03 12:46:13.676+0000 INFO [o.n.k.i.DiagnosticsManager]  [classpath] /Users/pavel.koupil/.m2/repository/org/neo4j/neo4j-values/3.3.0/neo4j-values-3.3.0.jar
2021-03-03 12:46:13.676+0000 INFO [o.n.k.i.DiagnosticsManager]  [classpath] /Users/pavel.koupil/.m2/repository/org/neo4j/neo4j-csv/3.3.0/neo4j-csv-3.3.0.jar
2021-03-03 12:46:13.676+0000 INFO [o.n.k.i.DiagnosticsManager]  [classpath] /Users/pavel.koupil/.m2/repository/org/neo4j/neo4j-collections/3.3.0/neo4j-collections-3.3.0.jar
2021-03-03 12:46:13.676+0000 INFO [o.n.k.i.DiagnosticsManager]  [classpath] /Users/pavel.koupil/.m2/repository/org/neo4j/neo4j-cypher-ir-3.3/3.3.0/neo4j-cypher-ir-3.3-3.3.0.jar
2021-03-03 12:46:13.676+0000 INFO [o.n.k.i.DiagnosticsManager] Library path:
2021-03-03 12:46:13.677+0000 INFO [o.n.k.i.DiagnosticsManager] /Users/pavel.koupil/Library/Java/Extensions
2021-03-03 12:46:13.677+0000 INFO [o.n.k.i.DiagnosticsManager] /Library/Java/Extensions
2021-03-03 12:46:13.677+0000 INFO [o.n.k.i.DiagnosticsManager] /Network/Library/Java/Extensions
2021-03-03 12:46:13.680+0000 INFO [o.n.k.i.DiagnosticsManager] /System/Library/Java/Extensions
2021-03-03 12:46:13.682+0000 INFO [o.n.k.i.DiagnosticsManager] /usr/lib/java
2021-03-03 12:46:13.683+0000 INFO [o.n.k.i.DiagnosticsManager] /Users/pavel.koupil/Projects/cat-transformations
2021-03-03 12:46:13.683+0000 INFO [o.n.k.i.DiagnosticsManager] System.properties:
2021-03-03 12:46:13.683+0000 INFO [o.n.k.i.DiagnosticsManager] sun.jnu.encoding = UTF-8
2021-03-03 12:46:13.684+0000 INFO [o.n.k.i.DiagnosticsManager] sun.arch.data.model = 64
2021-03-03 12:46:13.684+0000 INFO [o.n.k.i.DiagnosticsManager] user.timezone = Europe/Prague
2021-03-03 12:46:13.684+0000 INFO [o.n.k.i.DiagnosticsManager] sun.java.launcher = SUN_STANDARD
2021-03-03 12:46:13.684+0000 INFO [o.n.k.i.DiagnosticsManager] user.country = CZ
2021-03-03 12:46:13.684+0000 INFO [o.n.k.i.DiagnosticsManager] sun.boot.library.path = /Library/Java/JavaVirtualMachines/jdk-15.0.2.jdk/Contents/Home/lib
2021-03-03 12:46:13.684+0000 INFO [o.n.k.i.DiagnosticsManager] sun.java.command = cat.transformations.Neo4jApp
2021-03-03 12:46:13.684+0000 INFO [o.n.k.i.DiagnosticsManager] http.nonProxyHosts = local|*.local|169.254/16|*.169.254/16
2021-03-03 12:46:13.685+0000 INFO [o.n.k.i.DiagnosticsManager] jdk.debug = release
2021-03-03 12:46:13.685+0000 INFO [o.n.k.i.DiagnosticsManager] sun.cpu.endian = little
2021-03-03 12:46:13.685+0000 INFO [o.n.k.i.DiagnosticsManager] user.home = /Users/pavel.koupil
2021-03-03 12:46:13.685+0000 INFO [o.n.k.i.DiagnosticsManager] user.language = cs
2021-03-03 12:46:13.685+0000 INFO [o.n.k.i.DiagnosticsManager] file.separator = /
2021-03-03 12:46:13.685+0000 INFO [o.n.k.i.DiagnosticsManager] sun.management.compiler = HotSpot 64-Bit Tiered Compilers
2021-03-03 12:46:13.685+0000 INFO [o.n.k.i.DiagnosticsManager] ftp.nonProxyHosts = local|*.local|169.254/16|*.169.254/16
2021-03-03 12:46:13.685+0000 INFO [o.n.k.i.DiagnosticsManager] user.name = pavel.koupil
2021-03-03 12:46:13.685+0000 INFO [o.n.k.i.DiagnosticsManager] path.separator = :
2021-03-03 12:46:13.686+0000 INFO [o.n.k.i.DiagnosticsManager] file.encoding = UTF-8
2021-03-03 12:46:13.686+0000 INFO [o.n.k.i.DiagnosticsManager] user.dir = /Users/pavel.koupil/Projects/cat-transformations
2021-03-03 12:46:13.686+0000 INFO [o.n.k.i.DiagnosticsManager] sun.io.unicode.encoding = UnicodeBig
2021-03-03 12:46:13.686+0000 INFO [o.n.k.i.DiagnosticsManager] socksNonProxyHosts = local|*.local|169.254/16|*.169.254/16
2021-03-03 12:46:13.686+0000 INFO [o.n.k.i.DiagnosticsManager] Network information:
2021-03-03 12:46:13.697+0000 INFO [o.n.k.i.DiagnosticsManager] Interface utun5:
2021-03-03 12:46:13.698+0000 INFO [o.n.k.i.DiagnosticsManager]     address: fe80:0:0:0:3fe0:a9c1:484b:2fdd%utun5
2021-03-03 12:46:13.698+0000 INFO [o.n.k.i.DiagnosticsManager] Interface utun4:
2021-03-03 12:46:13.698+0000 INFO [o.n.k.i.DiagnosticsManager]     address: fe80:0:0:0:88a3:9a75:c77d:de98%utun4
2021-03-03 12:46:13.698+0000 INFO [o.n.k.i.DiagnosticsManager] Interface utun3:
2021-03-03 12:46:13.698+0000 INFO [o.n.k.i.DiagnosticsManager]     address: fe80:0:0:0:3768:abb:70c3:55c4%utun3
2021-03-03 12:46:13.698+0000 INFO [o.n.k.i.DiagnosticsManager] Interface utun2:
2021-03-03 12:46:13.699+0000 INFO [o.n.k.i.DiagnosticsManager]     address: fe80:0:0:0:b7b8:1bbc:e0f7:4033%utun2
2021-03-03 12:46:13.699+0000 INFO [o.n.k.i.DiagnosticsManager] Interface utun1:
2021-03-03 12:46:13.699+0000 INFO [o.n.k.i.DiagnosticsManager]     address: fe80:0:0:0:6f9b:4038:34d0:2fc0%utun1
2021-03-03 12:46:13.700+0000 INFO [o.n.k.i.DiagnosticsManager] Interface utun0:
2021-03-03 12:46:13.701+0000 INFO [o.n.k.i.DiagnosticsManager]     address: fe80:0:0:0:f384:3725:1297:848e%utun0
2021-03-03 12:46:13.701+0000 INFO [o.n.k.i.DiagnosticsManager] Interface llw0:
2021-03-03 12:46:13.701+0000 INFO [o.n.k.i.DiagnosticsManager]     address: fe80:0:0:0:c892:85ff:fea7:6745%llw0
2021-03-03 12:46:13.701+0000 INFO [o.n.k.i.DiagnosticsManager] Interface awdl0:
2021-03-03 12:46:13.701+0000 INFO [o.n.k.i.DiagnosticsManager]     address: fe80:0:0:0:c892:85ff:fea7:6745%awdl0
2021-03-03 12:46:13.701+0000 INFO [o.n.k.i.DiagnosticsManager] Interface bridge100:
2021-03-03 12:46:13.701+0000 INFO [o.n.k.i.DiagnosticsManager]     address: fe80:0:0:0:1854:4229:e0f8:da90%bridge100
2021-03-03 12:46:13.701+0000 INFO [o.n.k.i.DiagnosticsManager]     address: 172.16.254.1
2021-03-03 12:46:13.702+0000 INFO [o.n.k.i.DiagnosticsManager] Interface en0:
2021-03-03 12:46:13.702+0000 INFO [o.n.k.i.DiagnosticsManager]     address: fe80:0:0:0:1cd4:ed6f:76cc:c99%en0
2021-03-03 12:46:13.702+0000 INFO [o.n.k.i.DiagnosticsManager]     address: 192.168.0.149
2021-03-03 12:46:13.702+0000 INFO [o.n.k.i.DiagnosticsManager] Interface lo0:
2021-03-03 12:46:13.702+0000 INFO [o.n.k.i.DiagnosticsManager]     address: fe80:0:0:0:0:0:0:1%lo0
2021-03-03 12:46:13.702+0000 INFO [o.n.k.i.DiagnosticsManager]     address: 0:0:0:0:0:0:0:1%lo0
2021-03-03 12:46:13.702+0000 INFO [o.n.k.i.DiagnosticsManager]     address: 127.0.0.1
2021-03-03 12:46:13.702+0000 INFO [o.n.k.i.DiagnosticsManager] --- INITIALIZED diagnostics END ---
2021-03-03 12:46:13.948+0000 INFO [o.n.k.i.s.f.RecordFormatSelector] Selected format 'RecordFormat:StandardV3_2[v0.A.8]' for the new store
2021-03-03 12:46:14.604+0000 INFO [o.n.k.i.a.i.IndexingService] IndexingService.init: indexes not specifically mentioned above are null
2021-03-03 12:46:14.607+0000 INFO [o.n.k.i.i.l.NativeLabelScanStore] No scan store found, this might just be first use. Preparing to rebuild.
2021-03-03 12:46:14.667+0000 INFO [o.n.k.NeoStoreDataSource] Opened logical log [/Users/pavel.koupil/Projects/cat-transformations/MyNeo4jDB/neostore.transaction.db.0] version=0, lastTxId=1 (clean)
2021-03-03 12:46:14.668+0000 INFO [o.n.k.NeoStoreDataSource] No commits found after last check point (which is at <no log position given>)
2021-03-03 12:46:14.674+0000 WARN [o.n.k.i.s.MetaDataStore] Missing counts store, rebuilding it.
2021-03-03 12:46:14.779+0000 WARN [o.n.k.i.s.MetaDataStore] Counts store rebuild completed.
2021-03-03 12:46:14.791+0000 INFO [o.n.k.i.a.i.IndexingService] IndexingService.start: indexes not specifically mentioned above are null
2021-03-03 12:46:14.792+0000 INFO [o.n.k.i.i.l.NativeLabelScanStore] Rebuilding scan store, this may take a while
2021-03-03 12:46:14.828+0000 INFO [o.n.k.i.i.l.NativeLabelScanStore] Scan store rebuilt (roughly 0 nodes)
2021-03-03 12:46:14.833+0000 INFO [o.n.k.i.DatabaseHealth] Database health set to OK
2021-03-03 12:46:15.210+0000 INFO [o.n.k.AvailabilityGuard] Fulfilling of requirement makes database available: Database available
2021-03-03 12:46:15.213+0000 INFO [o.n.k.i.f.GraphDatabaseFacadeFactory] Database is now ready
2021-03-03 12:46:15.214+0000 INFO [o.n.k.i.DiagnosticsManager] --- STARTED diagnostics for KernelDiagnostics:Versions START ---
2021-03-03 12:46:15.214+0000 INFO [o.n.k.i.DiagnosticsManager] Graph Database: community single StoreId{creationTime=1614775574466, randomId=-8456867422875920242, storeVersion=15813456178476550, upgradeTime=1614775574466, upgradeId=1}
2021-03-03 12:46:15.215+0000 INFO [o.n.k.i.DiagnosticsManager] Kernel version: 3.3.0,5b700972242a5ec3e0140261120f2845fb3520ad
2021-03-03 12:46:15.215+0000 INFO [o.n.k.i.DiagnosticsManager] --- STARTED diagnostics for KernelDiagnostics:Versions END ---
2021-03-03 12:46:15.216+0000 INFO [o.n.k.i.DiagnosticsManager] --- STARTED diagnostics for NEO_STORE_VERSIONS START ---
2021-03-03 12:46:15.217+0000 INFO [o.n.k.i.DiagnosticsManager] Store versions:
2021-03-03 12:46:15.217+0000 INFO [o.n.k.i.DiagnosticsManager] Store versions:
2021-03-03 12:46:15.217+0000 INFO [o.n.k.i.DiagnosticsManager]   ArrayPropertyStore v0.A.8
2021-03-03 12:46:15.217+0000 INFO [o.n.k.i.DiagnosticsManager]   NodeStore v0.A.8
2021-03-03 12:46:15.217+0000 INFO [o.n.k.i.DiagnosticsManager]   StringPropertyStore v0.A.8
2021-03-03 12:46:15.217+0000 INFO [o.n.k.i.DiagnosticsManager]   PropertyIndexStore v0.A.8
2021-03-03 12:46:15.217+0000 INFO [o.n.k.i.DiagnosticsManager]   StringPropertyStore v0.A.8
2021-03-03 12:46:15.217+0000 INFO [o.n.k.i.DiagnosticsManager]   ArrayPropertyStore v0.A.8
2021-03-03 12:46:15.218+0000 INFO [o.n.k.i.DiagnosticsManager]   PropertyStore v0.A.8
2021-03-03 12:46:15.218+0000 INFO [o.n.k.i.DiagnosticsManager]   RelationshipStore v0.A.8
2021-03-03 12:46:15.218+0000 INFO [o.n.k.i.DiagnosticsManager]   StringPropertyStore v0.A.8
2021-03-03 12:46:15.218+0000 INFO [o.n.k.i.DiagnosticsManager]   RelationshipTypeStore v0.A.8
2021-03-03 12:46:15.218+0000 INFO [o.n.k.i.DiagnosticsManager]   StringPropertyStore v0.A.8
2021-03-03 12:46:15.218+0000 INFO [o.n.k.i.DiagnosticsManager]   LabelTokenStore v0.A.8
2021-03-03 12:46:15.219+0000 INFO [o.n.k.i.DiagnosticsManager]   SchemaStore v0.A.8
2021-03-03 12:46:15.219+0000 INFO [o.n.k.i.DiagnosticsManager]   RelationshipGroupStore v0.A.8
2021-03-03 12:46:15.220+0000 INFO [o.n.k.i.DiagnosticsManager]   NeoStore v0.A.8
2021-03-03 12:46:15.220+0000 INFO [o.n.k.i.DiagnosticsManager] --- STARTED diagnostics for NEO_STORE_VERSIONS END ---
2021-03-03 12:46:15.220+0000 INFO [o.n.k.i.DiagnosticsManager] --- STARTED diagnostics for NEO_STORE_ID_USAGE START ---
2021-03-03 12:46:15.220+0000 INFO [o.n.k.i.DiagnosticsManager] Id usage:
2021-03-03 12:46:15.220+0000 INFO [o.n.k.i.DiagnosticsManager] Id usage:
2021-03-03 12:46:15.220+0000 INFO [o.n.k.i.DiagnosticsManager]   ArrayPropertyStore: used=1 high=0
2021-03-03 12:46:15.221+0000 INFO [o.n.k.i.DiagnosticsManager]   NodeStore: used=0 high=-1
2021-03-03 12:46:15.221+0000 INFO [o.n.k.i.DiagnosticsManager]   StringPropertyStore: used=1 high=0
2021-03-03 12:46:15.221+0000 INFO [o.n.k.i.DiagnosticsManager]   PropertyIndexStore: used=0 high=-1
2021-03-03 12:46:15.221+0000 INFO [o.n.k.i.DiagnosticsManager]   StringPropertyStore: used=1 high=0
2021-03-03 12:46:15.221+0000 INFO [o.n.k.i.DiagnosticsManager]   ArrayPropertyStore: used=1 high=0
2021-03-03 12:46:15.221+0000 INFO [o.n.k.i.DiagnosticsManager]   PropertyStore: used=0 high=-1
2021-03-03 12:46:15.222+0000 INFO [o.n.k.i.DiagnosticsManager]   RelationshipStore: used=0 high=-1
2021-03-03 12:46:15.222+0000 INFO [o.n.k.i.DiagnosticsManager]   StringPropertyStore: used=1 high=0
2021-03-03 12:46:15.222+0000 INFO [o.n.k.i.DiagnosticsManager]   RelationshipTypeStore: used=0 high=-1
2021-03-03 12:46:15.222+0000 INFO [o.n.k.i.DiagnosticsManager]   StringPropertyStore: used=1 high=0
2021-03-03 12:46:15.222+0000 INFO [o.n.k.i.DiagnosticsManager]   LabelTokenStore: used=0 high=-1
2021-03-03 12:46:15.223+0000 INFO [o.n.k.i.DiagnosticsManager]   SchemaStore: used=1 high=0
2021-03-03 12:46:15.223+0000 INFO [o.n.k.i.DiagnosticsManager]   RelationshipGroupStore: used=1 high=0
2021-03-03 12:46:15.223+0000 INFO [o.n.k.i.DiagnosticsManager]   NeoStore: used=15 high=14
2021-03-03 12:46:15.223+0000 INFO [o.n.k.i.DiagnosticsManager] --- STARTED diagnostics for NEO_STORE_ID_USAGE END ---
2021-03-03 12:46:15.223+0000 INFO [o.n.k.i.DiagnosticsManager] --- STARTED diagnostics for NEO_STORE_RECORDS START ---
2021-03-03 12:46:15.223+0000 INFO [o.n.k.i.DiagnosticsManager] Neostore records:
2021-03-03 12:46:15.224+0000 INFO [o.n.k.i.DiagnosticsManager] TIME (Creation time): 1614775574466
2021-03-03 12:46:15.225+0000 INFO [o.n.k.i.DiagnosticsManager] RANDOM_NUMBER (Random number for store id): -8456867422875920242
2021-03-03 12:46:15.225+0000 INFO [o.n.k.i.DiagnosticsManager] LOG_VERSION (Current log version): 0
2021-03-03 12:46:15.225+0000 INFO [o.n.k.i.DiagnosticsManager] LAST_TRANSACTION_ID (Last committed transaction): 1
2021-03-03 12:46:15.225+0000 INFO [o.n.k.i.DiagnosticsManager] STORE_VERSION (Store format version): 15813456178476550
2021-03-03 12:46:15.225+0000 INFO [o.n.k.i.DiagnosticsManager] FIRST_GRAPH_PROPERTY (First property record containing graph properties): -1
2021-03-03 12:46:15.225+0000 INFO [o.n.k.i.DiagnosticsManager] LAST_CONSTRAINT_TRANSACTION (Last committed transaction containing constraint changes): 0
2021-03-03 12:46:15.226+0000 INFO [o.n.k.i.DiagnosticsManager] UPGRADE_TRANSACTION_ID (Transaction id most recent upgrade was performed at): 1
2021-03-03 12:46:15.226+0000 INFO [o.n.k.i.DiagnosticsManager] UPGRADE_TIME (Time of last upgrade): 1614775574466
2021-03-03 12:46:15.226+0000 INFO [o.n.k.i.DiagnosticsManager] LAST_TRANSACTION_CHECKSUM (Checksum of last committed transaction): 0
2021-03-03 12:46:15.227+0000 INFO [o.n.k.i.DiagnosticsManager] UPGRADE_TRANSACTION_CHECKSUM (Checksum of transaction id the most recent upgrade was performed at): 0
2021-03-03 12:46:15.227+0000 INFO [o.n.k.i.DiagnosticsManager] LAST_CLOSED_TRANSACTION_LOG_VERSION (Log version where the last transaction commit entry has been written into): 0
2021-03-03 12:46:15.227+0000 INFO [o.n.k.i.DiagnosticsManager] LAST_CLOSED_TRANSACTION_LOG_BYTE_OFFSET (Byte offset in the log file where the last transaction commit entry has been written into): 16
2021-03-03 12:46:15.227+0000 INFO [o.n.k.i.DiagnosticsManager] LAST_TRANSACTION_COMMIT_TIMESTAMP (Commit time timestamp for last committed transaction): 0
2021-03-03 12:46:15.227+0000 INFO [o.n.k.i.DiagnosticsManager] UPGRADE_TRANSACTION_COMMIT_TIMESTAMP (Commit timestamp of transaction the most recent upgrade was performed at): 0
2021-03-03 12:46:15.228+0000 INFO [o.n.k.i.DiagnosticsManager] --- STARTED diagnostics for NEO_STORE_RECORDS END ---
2021-03-03 12:46:15.230+0000 INFO [o.n.k.i.DiagnosticsManager] --- STARTED diagnostics for TRANSACTION_RANGE START ---
2021-03-03 12:46:15.230+0000 INFO [o.n.k.i.DiagnosticsManager] Transaction log:
2021-03-03 12:46:15.231+0000 INFO [o.n.k.i.DiagnosticsManager] No transactions found in any log
2021-03-03 12:46:15.231+0000 INFO [o.n.k.i.DiagnosticsManager] --- STARTED diagnostics for TRANSACTION_RANGE END ---
2021-03-03 12:46:15.234+0000 INFO [o.n.k.i.DiagnosticsManager] --- STARTED diagnostics for KernelDiagnostics:StoreFiles START ---
2021-03-03 12:46:15.235+0000 INFO [o.n.k.i.DiagnosticsManager] Disk space on partition (Total / Free / Free %): 250685575168 / 157312946176 / 62
2021-03-03 12:46:15.235+0000 INFO [o.n.k.i.DiagnosticsManager] Storage files: (filename : modification date - size)
2021-03-03 12:46:15.237+0000 INFO [o.n.k.i.DiagnosticsManager]   index:
2021-03-03 12:46:15.238+0000 INFO [o.n.k.i.DiagnosticsManager]   - Total: 2021-03-03T13:46:14+0100 - 0,00 B
2021-03-03 12:46:15.238+0000 INFO [o.n.k.i.DiagnosticsManager]   logs:
2021-03-03 12:46:15.240+0000 INFO [o.n.k.i.DiagnosticsManager]     debug.log: 2021-03-03T13:46:15+0100 - 31,94 kB
2021-03-03 12:46:15.240+0000 INFO [o.n.k.i.DiagnosticsManager]   - Total: 2021-03-03T13:46:12+0100 - 31,94 kB
2021-03-03 12:46:15.241+0000 INFO [o.n.k.i.DiagnosticsManager]   neostore: 2021-03-03T13:46:14+0100 - 8,00 kB
2021-03-03 12:46:15.241+0000 INFO [o.n.k.i.DiagnosticsManager]   neostore.counts.db.a: 2021-03-03T13:46:14+0100 - 96,00 B
2021-03-03 12:46:15.242+0000 INFO [o.n.k.i.DiagnosticsManager]   neostore.id: 2021-03-03T13:46:14+0100 - 9,00 B
2021-03-03 12:46:15.242+0000 INFO [o.n.k.i.DiagnosticsManager]   neostore.labelscanstore.db: 2021-03-03T13:46:14+0100 - 40,00 kB
2021-03-03 12:46:15.243+0000 INFO [o.n.k.i.DiagnosticsManager]   neostore.labeltokenstore.db: 2021-03-03T13:46:14+0100 - 0,00 B
2021-03-03 12:46:15.244+0000 INFO [o.n.k.i.DiagnosticsManager]   neostore.labeltokenstore.db.id: 2021-03-03T13:46:14+0100 - 9,00 B
2021-03-03 12:46:15.247+0000 INFO [o.n.k.i.DiagnosticsManager]   neostore.labeltokenstore.db.names: 2021-03-03T13:46:14+0100 - 8,00 kB
2021-03-03 12:46:15.247+0000 INFO [o.n.k.i.DiagnosticsManager]   neostore.labeltokenstore.db.names.id: 2021-03-03T13:46:14+0100 - 9,00 B
2021-03-03 12:46:15.248+0000 INFO [o.n.k.i.DiagnosticsManager]   neostore.nodestore.db: 2021-03-03T13:46:14+0100 - 0,00 B
2021-03-03 12:46:15.248+0000 INFO [o.n.k.i.DiagnosticsManager]   neostore.nodestore.db.id: 2021-03-03T13:46:14+0100 - 9,00 B
2021-03-03 12:46:15.249+0000 INFO [o.n.k.i.DiagnosticsManager]   neostore.nodestore.db.labels: 2021-03-03T13:46:14+0100 - 8,00 kB
2021-03-03 12:46:15.249+0000 INFO [o.n.k.i.DiagnosticsManager]   neostore.nodestore.db.labels.id: 2021-03-03T13:46:14+0100 - 9,00 B
2021-03-03 12:46:15.250+0000 INFO [o.n.k.i.DiagnosticsManager]   neostore.propertystore.db: 2021-03-03T13:46:14+0100 - 0,00 B
2021-03-03 12:46:15.250+0000 INFO [o.n.k.i.DiagnosticsManager]   neostore.propertystore.db.arrays: 2021-03-03T13:46:14+0100 - 8,00 kB
2021-03-03 12:46:15.250+0000 INFO [o.n.k.i.DiagnosticsManager]   neostore.propertystore.db.arrays.id: 2021-03-03T13:46:14+0100 - 9,00 B
2021-03-03 12:46:15.251+0000 INFO [o.n.k.i.DiagnosticsManager]   neostore.propertystore.db.id: 2021-03-03T13:46:14+0100 - 9,00 B
2021-03-03 12:46:15.251+0000 INFO [o.n.k.i.DiagnosticsManager]   neostore.propertystore.db.index: 2021-03-03T13:46:14+0100 - 0,00 B
2021-03-03 12:46:15.251+0000 INFO [o.n.k.i.DiagnosticsManager]   neostore.propertystore.db.index.id: 2021-03-03T13:46:14+0100 - 9,00 B
2021-03-03 12:46:15.252+0000 INFO [o.n.k.i.DiagnosticsManager]   neostore.propertystore.db.index.keys: 2021-03-03T13:46:14+0100 - 8,00 kB
2021-03-03 12:46:15.252+0000 INFO [o.n.k.i.DiagnosticsManager]   neostore.propertystore.db.index.keys.id: 2021-03-03T13:46:14+0100 - 9,00 B
2021-03-03 12:46:15.252+0000 INFO [o.n.k.i.DiagnosticsManager]   neostore.propertystore.db.strings: 2021-03-03T13:46:14+0100 - 8,00 kB
2021-03-03 12:46:15.253+0000 INFO [o.n.k.i.DiagnosticsManager]   neostore.propertystore.db.strings.id: 2021-03-03T13:46:14+0100 - 9,00 B
2021-03-03 12:46:15.253+0000 INFO [o.n.k.i.DiagnosticsManager]   neostore.relationshipgroupstore.db: 2021-03-03T13:46:14+0100 - 8,00 kB
2021-03-03 12:46:15.254+0000 INFO [o.n.k.i.DiagnosticsManager]   neostore.relationshipgroupstore.db.id: 2021-03-03T13:46:14+0100 - 9,00 B
2021-03-03 12:46:15.254+0000 INFO [o.n.k.i.DiagnosticsManager]   neostore.relationshipstore.db: 2021-03-03T13:46:14+0100 - 0,00 B
2021-03-03 12:46:15.255+0000 INFO [o.n.k.i.DiagnosticsManager]   neostore.relationshipstore.db.id: 2021-03-03T13:46:14+0100 - 9,00 B
2021-03-03 12:46:15.255+0000 INFO [o.n.k.i.DiagnosticsManager]   neostore.relationshiptypestore.db: 2021-03-03T13:46:14+0100 - 0,00 B
2021-03-03 12:46:15.255+0000 INFO [o.n.k.i.DiagnosticsManager]   neostore.relationshiptypestore.db.id: 2021-03-03T13:46:14+0100 - 9,00 B
2021-03-03 12:46:15.255+0000 INFO [o.n.k.i.DiagnosticsManager]   neostore.relationshiptypestore.db.names: 2021-03-03T13:46:14+0100 - 8,00 kB
2021-03-03 12:46:15.256+0000 INFO [o.n.k.i.DiagnosticsManager]   neostore.relationshiptypestore.db.names.id: 2021-03-03T13:46:14+0100 - 9,00 B
2021-03-03 12:46:15.256+0000 INFO [o.n.k.i.DiagnosticsManager]   neostore.schemastore.db: 2021-03-03T13:46:14+0100 - 8,00 kB
2021-03-03 12:46:15.256+0000 INFO [o.n.k.i.DiagnosticsManager]   neostore.schemastore.db.id: 2021-03-03T13:46:14+0100 - 9,00 B
2021-03-03 12:46:15.257+0000 INFO [o.n.k.i.DiagnosticsManager]   neostore.transaction.db.0: 2021-03-03T13:46:14+0100 - 16,00 B
2021-03-03 12:46:15.257+0000 INFO [o.n.k.i.DiagnosticsManager]   store_lock: 2021-03-03T13:46:13+0100 - 0,00 B
2021-03-03 12:46:15.257+0000 INFO [o.n.k.i.DiagnosticsManager] Storage summary: 
2021-03-03 12:46:15.258+0000 INFO [o.n.k.i.DiagnosticsManager]   Total size of store: 144,18 kB
2021-03-03 12:46:15.259+0000 INFO [o.n.k.i.DiagnosticsManager]   Total size of mapped files: 112,00 kB
2021-03-03 12:46:15.259+0000 INFO [o.n.k.i.DiagnosticsManager] --- STARTED diagnostics for KernelDiagnostics:StoreFiles END ---
2021-03-03 12:46:18.227+0000 INFO [o.n.k.i.f.GraphDatabaseFacadeFactory] Shutdown started
2021-03-03 12:46:18.229+0000 INFO [o.n.k.i.f.GraphDatabaseFacadeFactory] Database is now unavailable
2021-03-03 12:46:18.234+0000 INFO [o.n.k.i.t.l.c.CheckPointerImpl] Check Pointing triggered by database shutdown [10]:  Starting check pointing...
2021-03-03 12:46:18.234+0000 INFO [o.n.k.i.t.l.c.CheckPointerImpl] Check Pointing triggered by database shutdown [10]:  Starting store flush...
2021-03-03 12:46:18.257+0000 INFO [o.n.k.i.s.c.CountsTracker] About to rotate counts store at transaction 10 to [/Users/pavel.koupil/Projects/cat-transformations/MyNeo4jDB/neostore.counts.db.b], from [/Users/pavel.koupil/Projects/cat-transformations/MyNeo4jDB/neostore.counts.db.a].
2021-03-03 12:46:18.260+0000 INFO [o.n.k.i.s.c.CountsTracker] Successfully rotated counts store at transaction 10 to [/Users/pavel.koupil/Projects/cat-transformations/MyNeo4jDB/neostore.counts.db.b], from [/Users/pavel.koupil/Projects/cat-transformations/MyNeo4jDB/neostore.counts.db.a].
2021-03-03 12:46:18.347+0000 INFO [o.n.k.i.t.l.c.CheckPointerImpl] Check Pointing triggered by database shutdown [10]:  Store flush completed
2021-03-03 12:46:18.348+0000 INFO [o.n.k.i.t.l.c.CheckPointerImpl] Check Pointing triggered by database shutdown [10]:  Starting appending check point entry into the tx log...
2021-03-03 12:46:18.354+0000 INFO [o.n.k.i.t.l.c.CheckPointerImpl] Check Pointing triggered by database shutdown [10]:  Appending check point entry into the tx log completed
2021-03-03 12:46:18.354+0000 INFO [o.n.k.i.t.l.c.CheckPointerImpl] Check Pointing triggered by database shutdown [10]:  Check pointing completed
2021-03-03 12:46:18.354+0000 INFO [o.n.k.i.t.l.p.LogPruningImpl] Log Rotation [0]:  Starting log pruning.
2021-03-03 12:46:18.354+0000 INFO [o.n.k.i.t.l.p.LogPruningImpl] Log Rotation [0]:  Log pruning complete.
2021-03-03 12:46:18.485+0000 INFO [o.n.k.i.DiagnosticsManager] --- STOPPING diagnostics START ---
2021-03-03 12:46:18.485+0000 INFO [o.n.k.i.DiagnosticsManager] --- STOPPING diagnostics END ---
2021-03-03 12:54:20.117+0000 WARN [o.n.k.i.JvmChecker] You are using an unsupported version of the Java runtime. Please use Oracle(R) Java(TM) Runtime Environment 8, OpenJDK(TM) 8 or IBM J9.
2021-03-03 12:54:20.182+0000 WARN [o.n.i.p.PageCache] The dbms.memory.pagecache.size setting has not been configured. It is recommended that this setting is always explicitly configured, to ensure the system has a balanced configuration. Until then, a computed heuristic value of 3221225472 bytes will be used instead. 
2021-03-03 12:54:20.702+0000 INFO [o.n.k.i.f.CommunityEditionModule] No locking implementation specified, defaulting to 'community'
2021-03-03 12:54:20.994+0000 INFO [o.n.k.AvailabilityGuard] Requirement makes database unavailable: Database available
2021-03-03 12:54:21.023+0000 INFO [o.n.k.i.DiagnosticsManager] --- INITIALIZED diagnostics START ---
2021-03-03 12:54:21.024+0000 INFO [o.n.k.i.DiagnosticsManager] Neo4j Kernel properties:
2021-03-03 12:54:21.024+0000 INFO [o.n.k.i.DiagnosticsManager] unsupported.dbms.directories.neo4j_home=/Users/pavel.koupil/Projects/cat-transformations/MyNeo4jDB
2021-03-03 12:54:21.024+0000 INFO [o.n.k.i.DiagnosticsManager] unsupported.dbms.edition=community
2021-03-03 12:54:21.024+0000 INFO [o.n.k.i.DiagnosticsManager] unsupported.dbms.ephemeral=false
2021-03-03 12:54:21.024+0000 INFO [o.n.k.i.DiagnosticsManager] Diagnostics providers:
2021-03-03 12:54:21.025+0000 INFO [o.n.k.i.DiagnosticsManager] org.neo4j.kernel.configuration.Config
2021-03-03 12:54:21.025+0000 INFO [o.n.k.i.DiagnosticsManager] org.neo4j.kernel.info.DiagnosticsManager
2021-03-03 12:54:21.025+0000 INFO [o.n.k.i.DiagnosticsManager] SYSTEM_MEMORY
2021-03-03 12:54:21.025+0000 INFO [o.n.k.i.DiagnosticsManager] JAVA_MEMORY
2021-03-03 12:54:21.025+0000 INFO [o.n.k.i.DiagnosticsManager] OPERATING_SYSTEM
2021-03-03 12:54:21.025+0000 INFO [o.n.k.i.DiagnosticsManager] JAVA_VIRTUAL_MACHINE
2021-03-03 12:54:21.026+0000 INFO [o.n.k.i.DiagnosticsManager] CLASSPATH
2021-03-03 12:54:21.026+0000 INFO [o.n.k.i.DiagnosticsManager] LIBRARY_PATH
2021-03-03 12:54:21.026+0000 INFO [o.n.k.i.DiagnosticsManager] SYSTEM_PROPERTIES
2021-03-03 12:54:21.026+0000 INFO [o.n.k.i.DiagnosticsManager] NETWORK
2021-03-03 12:54:21.026+0000 INFO [o.n.k.i.DiagnosticsManager] System memory information:
2021-03-03 12:54:21.029+0000 INFO [o.n.k.i.DiagnosticsManager] Total Physical memory: 8,00 GB
2021-03-03 12:54:21.030+0000 INFO [o.n.k.i.DiagnosticsManager] Free Physical memory: 37,40 MB
2021-03-03 12:54:21.032+0000 INFO [o.n.k.i.DiagnosticsManager] Committed virtual memory: 7,70 GB
2021-03-03 12:54:21.035+0000 INFO [o.n.k.i.DiagnosticsManager] Total swap space: 3,00 GB
2021-03-03 12:54:21.036+0000 INFO [o.n.k.i.DiagnosticsManager] Free swap space: 873,25 MB
2021-03-03 12:54:21.036+0000 INFO [o.n.k.i.DiagnosticsManager] JVM memory information:
2021-03-03 12:54:21.036+0000 INFO [o.n.k.i.DiagnosticsManager] Free  memory: 98,48 MB
2021-03-03 12:54:21.037+0000 INFO [o.n.k.i.DiagnosticsManager] Total memory: 130,00 MB
2021-03-03 12:54:21.037+0000 INFO [o.n.k.i.DiagnosticsManager] Max   memory: 2,00 GB
2021-03-03 12:54:21.054+0000 INFO [o.n.k.i.DiagnosticsManager] Garbage Collector: G1 Young Generation: [G1 Eden Space, G1 Survivor Space, G1 Old Gen]
2021-03-03 12:54:21.054+0000 INFO [o.n.k.i.DiagnosticsManager] Garbage Collector: G1 Old Generation: [G1 Eden Space, G1 Survivor Space, G1 Old Gen]
2021-03-03 12:54:21.056+0000 INFO [o.n.k.i.DiagnosticsManager] Memory Pool: CodeHeap 'non-nmethods' (Non-heap memory): committed=2,44 MB, used=1,17 MB, max=5,57 MB, threshold=0,00 B
2021-03-03 12:54:21.057+0000 INFO [o.n.k.i.DiagnosticsManager] Memory Pool: Metaspace (Non-heap memory): committed=9,38 MB, used=8,85 MB, max=-1,00 B, threshold=0,00 B
2021-03-03 12:54:21.058+0000 INFO [o.n.k.i.DiagnosticsManager] Memory Pool: CodeHeap 'profiled nmethods' (Non-heap memory): committed=2,75 MB, used=2,72 MB, max=117,21 MB, threshold=0,00 B
2021-03-03 12:54:21.059+0000 INFO [o.n.k.i.DiagnosticsManager] Memory Pool: Compressed Class Space (Non-heap memory): committed=1,38 MB, used=1,16 MB, max=1,00 GB, threshold=0,00 B
2021-03-03 12:54:21.060+0000 INFO [o.n.k.i.DiagnosticsManager] Memory Pool: G1 Eden Space (Heap memory): committed=21,00 MB, used=17,00 MB, max=-1,00 B, threshold=?
2021-03-03 12:54:21.061+0000 INFO [o.n.k.i.DiagnosticsManager] Memory Pool: G1 Old Gen (Heap memory): committed=107,00 MB, used=11,52 MB, max=2,00 GB, threshold=0,00 B
2021-03-03 12:54:21.061+0000 INFO [o.n.k.i.DiagnosticsManager] Memory Pool: G1 Survivor Space (Heap memory): committed=2,00 MB, used=2,00 MB, max=-1,00 B, threshold=?
2021-03-03 12:54:21.062+0000 INFO [o.n.k.i.DiagnosticsManager] Memory Pool: CodeHeap 'non-profiled nmethods' (Non-heap memory): committed=2,44 MB, used=508,38 kB, max=117,22 MB, threshold=0,00 B
2021-03-03 12:54:21.062+0000 INFO [o.n.k.i.DiagnosticsManager] Operating system information:
2021-03-03 12:54:21.064+0000 INFO [o.n.k.i.DiagnosticsManager] Operating System: Mac OS X; version: 10.16; arch: x86_64; cpus: 4
2021-03-03 12:54:21.066+0000 INFO [o.n.k.i.DiagnosticsManager] Max number of file descriptors: 10240
2021-03-03 12:54:21.068+0000 INFO [o.n.k.i.DiagnosticsManager] Number of open file descriptors: 74
2021-03-03 12:54:21.301+0000 INFO [o.n.k.i.DiagnosticsManager] Process id: 8047@Pavel-MacBook-Pro.local
2021-03-03 12:54:21.302+0000 INFO [o.n.k.i.DiagnosticsManager] Byte order: LITTLE_ENDIAN
2021-03-03 12:54:21.341+0000 INFO [o.n.k.i.DiagnosticsManager] Local timezone: Europe/Prague
2021-03-03 12:54:21.341+0000 INFO [o.n.k.i.DiagnosticsManager] JVM information:
2021-03-03 12:54:21.342+0000 INFO [o.n.k.i.DiagnosticsManager] VM Name: Java HotSpot(TM) 64-Bit Server VM
2021-03-03 12:54:21.342+0000 INFO [o.n.k.i.DiagnosticsManager] VM Vendor: Oracle Corporation
2021-03-03 12:54:21.342+0000 INFO [o.n.k.i.DiagnosticsManager] VM Version: 15.0.2+7-27
2021-03-03 12:54:21.343+0000 INFO [o.n.k.i.DiagnosticsManager] JIT compiler: HotSpot 64-Bit Tiered Compilers
2021-03-03 12:54:21.343+0000 INFO [o.n.k.i.DiagnosticsManager] VM Arguments: []
2021-03-03 12:54:21.343+0000 INFO [o.n.k.i.DiagnosticsManager] Java classpath:
2021-03-03 12:54:21.357+0000 INFO [o.n.k.i.DiagnosticsManager]  [classpath] /Users/pavel.koupil/.m2/repository/org/neo4j/neo4j-ssl/3.3.0/neo4j-ssl-3.3.0.jar
2021-03-03 12:54:21.357+0000 INFO [o.n.k.i.DiagnosticsManager]  [classpath] /Users/pavel.koupil/.m2/repository/com/opencsv/opencsv/5.3/opencsv-5.3.jar
2021-03-03 12:54:21.357+0000 INFO [o.n.k.i.DiagnosticsManager]  [classpath] /Users/pavel.koupil/.m2/repository/org/mockito/mockito-all/1.10.19/mockito-all-1.10.19.jar
2021-03-03 12:54:21.357+0000 INFO [o.n.k.i.DiagnosticsManager]  [classpath] /Users/pavel.koupil/.m2/repository/com/github/ben-manes/caffeine/caffeine/2.3.3/caffeine-2.3.3.jar
2021-03-03 12:54:21.357+0000 INFO [o.n.k.i.DiagnosticsManager]  [classpath] /Users/pavel.koupil/.m2/repository/org/neo4j/neo4j-graph-algo/3.3.0/neo4j-graph-algo-3.3.0.jar
2021-03-03 12:54:21.357+0000 INFO [o.n.k.i.DiagnosticsManager]  [classpath] /Users/pavel.koupil/.m2/repository/net/sf/opencsv/opencsv/2.3/opencsv-2.3.jar
2021-03-03 12:54:21.358+0000 INFO [o.n.k.i.DiagnosticsManager]  [classpath] /Users/pavel.koupil/.m2/repository/org/apache/commons/commons-collections4/4.4/commons-collections4-4.4.jar
2021-03-03 12:54:21.358+0000 INFO [o.n.k.i.DiagnosticsManager]  [classpath] /Users/pavel.koupil/.m2/repository/org/neo4j/neo4j-cypher-frontend-3.3/3.3.0/neo4j-cypher-frontend-3.3-3.3.0.jar
2021-03-03 12:54:21.358+0000 INFO [o.n.k.i.DiagnosticsManager]  [classpath] /Users/pavel.koupil/.m2/repository/org/neo4j/neo4j/3.3.0/neo4j-3.3.0.jar
2021-03-03 12:54:21.358+0000 INFO [o.n.k.i.DiagnosticsManager]  [classpath] /Users/pavel.koupil/.m2/repository/org/neo4j/neo4j-graph-matching/3.1.6/neo4j-graph-matching-3.1.6.jar
2021-03-03 12:54:21.358+0000 INFO [o.n.k.i.DiagnosticsManager]  [classpath] /Users/pavel.koupil/.m2/repository/io/netty/netty-all/4.1.15.Final/netty-all-4.1.15.Final.jar
2021-03-03 12:54:21.358+0000 INFO [o.n.k.i.DiagnosticsManager]  [classpath] /Users/pavel.koupil/.m2/repository/org/apache/commons/commons-compress/1.12/commons-compress-1.12.jar
2021-03-03 12:54:21.358+0000 INFO [o.n.k.i.DiagnosticsManager]  [classpath] /Users/pavel.koupil/.m2/repository/org/neo4j/neo4j-cypher-frontend-3.2/3.2.5/neo4j-cypher-frontend-3.2-3.2.5.jar
2021-03-03 12:54:21.358+0000 INFO [o.n.k.i.DiagnosticsManager]  [classpath] /Users/pavel.koupil/.m2/repository/org/apache/lucene/lucene-backward-codecs/5.5.0/lucene-backward-codecs-5.5.0.jar
2021-03-03 12:54:21.358+0000 INFO [o.n.k.i.DiagnosticsManager]  [classpath] /Users/pavel.koupil/.m2/repository/org/ow2/asm/asm-util/5.2/asm-util-5.2.jar
2021-03-03 12:54:21.359+0000 INFO [o.n.k.i.DiagnosticsManager]  [classpath] /Users/pavel.koupil/.m2/repository/org/parboiled/parboiled-scala_2.11/1.1.7/parboiled-scala_2.11-1.1.7.jar
2021-03-03 12:54:21.359+0000 INFO [o.n.k.i.DiagnosticsManager]  [classpath] /Users/pavel.koupil/.m2/repository/org/neo4j/neo4j-kernel/3.3.0/neo4j-kernel-3.3.0.jar
2021-03-03 12:54:21.360+0000 INFO [o.n.k.i.DiagnosticsManager]  [classpath] /Users/pavel.koupil/.m2/repository/org/parboiled/parboiled-core/1.1.7/parboiled-core-1.1.7.jar
2021-03-03 12:54:21.360+0000 INFO [o.n.k.i.DiagnosticsManager]  [classpath] /Users/pavel.koupil/.m2/repository/org/ow2/asm/asm/5.2/asm-5.2.jar
2021-03-03 12:54:21.360+0000 INFO [o.n.k.i.DiagnosticsManager]  [classpath] /Users/pavel.koupil/.m2/repository/org/apache/lucene/lucene-codecs/5.5.0/lucene-codecs-5.5.0.jar
2021-03-03 12:54:21.360+0000 INFO [o.n.k.i.DiagnosticsManager]  [classpath] /Users/pavel.koupil/.m2/repository/org/neo4j/neo4j-graphdb-api/3.3.0/neo4j-graphdb-api-3.3.0.jar
2021-03-03 12:54:21.360+0000 INFO [o.n.k.i.DiagnosticsManager]  [classpath] /Users/pavel.koupil/.m2/repository/org/bouncycastle/bcpkix-jdk15on/1.53/bcpkix-jdk15on-1.53.jar
2021-03-03 12:54:21.360+0000 INFO [o.n.k.i.DiagnosticsManager]  [classpath] /Users/pavel.koupil/.m2/repository/org/neo4j/neo4j-cypher-logical-plans-3.3/3.3.0/neo4j-cypher-logical-plans-3.3-3.3.0.jar
2021-03-03 12:54:21.360+0000 INFO [o.n.k.i.DiagnosticsManager]  [classpath] /Users/pavel.koupil/.m2/repository/org/apache/lucene/lucene-core/5.5.0/lucene-core-5.5.0.jar
2021-03-03 12:54:21.360+0000 INFO [o.n.k.i.DiagnosticsManager]  [classpath] /Users/pavel.koupil/.m2/repository/org/neo4j/neo4j-import-tool/3.3.0/neo4j-import-tool-3.3.0.jar
2021-03-03 12:54:21.361+0000 INFO [o.n.k.i.DiagnosticsManager]  [classpath] /Users/pavel.koupil/.m2/repository/commons-beanutils/commons-beanutils/1.9.4/commons-beanutils-1.9.4.jar
2021-03-03 12:54:21.361+0000 INFO [o.n.k.i.DiagnosticsManager]  [classpath] /Users/pavel.koupil/.m2/repository/org/neo4j/neo4j-cypher-compiler-2.3/2.3.11/neo4j-cypher-compiler-2.3-2.3.11.jar
2021-03-03 12:54:21.361+0000 INFO [o.n.k.i.DiagnosticsManager]  [classpath] /Users/pavel.koupil/.m2/repository/org/neo4j/neo4j-cypher-frontend-3.1/3.1.6/neo4j-cypher-frontend-3.1-3.1.6.jar
2021-03-03 12:54:21.361+0000 INFO [o.n.k.i.DiagnosticsManager]  [classpath] /Users/pavel.koupil/.m2/repository/org/neo4j/neo4j-codegen/3.3.0/neo4j-codegen-3.3.0.jar
2021-03-03 12:54:21.361+0000 INFO [o.n.k.i.DiagnosticsManager]  [classpath] /Users/pavel.koupil/.m2/repository/org/neo4j/neo4j-cypher-compiler-3.1/3.1.6/neo4j-cypher-compiler-3.1-3.1.6.jar
2021-03-03 12:54:21.361+0000 INFO [o.n.k.i.DiagnosticsManager]  [classpath] /Users/pavel.koupil/.m2/repository/org/mongodb/mongo-java-driver/3.12.8/mongo-java-driver-3.12.8.jar
2021-03-03 12:54:21.361+0000 INFO [o.n.k.i.DiagnosticsManager]  [classpath] /Users/pavel.koupil/.m2/repository/org/neo4j/neo4j-jmx/3.3.0/neo4j-jmx-3.3.0.jar
2021-03-03 12:54:21.361+0000 INFO [o.n.k.i.DiagnosticsManager]  [classpath] /Users/pavel.koupil/.m2/repository/org/neo4j/neo4j-lucene-index/3.3.0/neo4j-lucene-index-3.3.0.jar
2021-03-03 12:54:21.361+0000 INFO [o.n.k.i.DiagnosticsManager]  [classpath] /Users/pavel.koupil/.m2/repository/org/neo4j/neo4j-unsafe/3.3.0/neo4j-unsafe-3.3.0.jar
2021-03-03 12:54:21.361+0000 INFO [o.n.k.i.DiagnosticsManager]  [classpath] /Users/pavel.koupil/.m2/repository/org/neo4j/neo4j-cypher-ir-3.2/3.2.5/neo4j-cypher-ir-3.2-3.2.5.jar
2021-03-03 12:54:21.361+0000 INFO [o.n.k.i.DiagnosticsManager]  [classpath] /Users/pavel.koupil/.m2/repository/org/neo4j/neo4j-cypher-frontend-2.3/2.3.11/neo4j-cypher-frontend-2.3-2.3.11.jar
2021-03-03 12:54:21.362+0000 INFO [o.n.k.i.DiagnosticsManager]  [classpath] /Users/pavel.koupil/.m2/repository/org/neo4j/neo4j-udc/3.3.0/neo4j-udc-3.3.0.jar
2021-03-03 12:54:21.362+0000 INFO [o.n.k.i.DiagnosticsManager]  [classpath] /Users/pavel.koupil/.m2/repository/org/neo4j/neo4j-cypher/3.3.0/neo4j-cypher-3.3.0.jar
2021-03-03 12:54:21.362+0000 INFO [o.n.k.i.DiagnosticsManager]  [classpath] /Users/pavel.koupil/.m2/repository/com/googlecode/concurrentlinkedhashmap/concurrentlinkedhashmap-lru/1.4.2/concurrentlinkedhashmap-lru-1.4.2.jar
2021-03-03 12:54:21.362+0000 INFO [o.n.k.i.DiagnosticsManager]  [classpath] /Users/pavel.koupil/.m2/repository/org/neo4j/neo4j-consistency-check/3.3.0/neo4j-consistency-check-3.3.0.jar
2021-03-03 12:54:21.362+0000 INFO [o.n.k.i.DiagnosticsManager]  [classpath] /Users/pavel.koupil/.m2/repository/org/neo4j/neo4j-io/3.3.0/neo4j-io-3.3.0.jar
2021-03-03 12:54:21.362+0000 INFO [o.n.k.i.DiagnosticsManager]  [classpath] /Users/pavel.koupil/.m2/repository/org/scala-lang/scala-library/2.11.11/scala-library-2.11.11.jar
2021-03-03 12:54:21.362+0000 INFO [o.n.k.i.DiagnosticsManager]  [classpath] /Users/pavel.koupil/.m2/repository/org/apache/lucene/lucene-queryparser/5.5.0/lucene-queryparser-5.5.0.jar
2021-03-03 12:54:21.362+0000 INFO [o.n.k.i.DiagnosticsManager]  [classpath] /Users/pavel.koupil/.m2/repository/org/neo4j/neo4j-dbms/3.3.0/neo4j-dbms-3.3.0.jar
2021-03-03 12:54:21.362+0000 INFO [o.n.k.i.DiagnosticsManager]  [classpath] /Users/pavel.koupil/.m2/repository/commons-collections/commons-collections/3.2.2/commons-collections-3.2.2.jar
2021-03-03 12:54:21.362+0000 INFO [o.n.k.i.DiagnosticsManager]  [classpath] /Users/pavel.koupil/Projects/cat-transformations/target/classes
2021-03-03 12:54:21.362+0000 INFO [o.n.k.i.DiagnosticsManager]  [classpath] /Users/pavel.koupil/.m2/repository/org/neo4j/neo4j-primitive-collections/3.3.0/neo4j-primitive-collections-3.3.0.jar
2021-03-03 12:54:21.362+0000 INFO [o.n.k.i.DiagnosticsManager]  [classpath] /Users/pavel.koupil/.m2/repository/org/neo4j/neo4j-lucene-upgrade/3.3.0/neo4j-lucene-upgrade-3.3.0.jar
2021-03-03 12:54:21.363+0000 INFO [o.n.k.i.DiagnosticsManager]  [classpath] /Users/pavel.koupil/.m2/repository/org/bouncycastle/bcprov-jdk15on/1.53/bcprov-jdk15on-1.53.jar
2021-03-03 12:54:21.363+0000 INFO [o.n.k.i.DiagnosticsManager]  [classpath] /Users/pavel.koupil/.m2/repository/org/neo4j/neo4j-configuration/3.3.0/neo4j-configuration-3.3.0.jar
2021-03-03 12:54:21.363+0000 INFO [o.n.k.i.DiagnosticsManager]  [classpath] /Users/pavel.koupil/.m2/repository/org/apache/commons/commons-text/1.9/commons-text-1.9.jar
2021-03-03 12:54:21.363+0000 INFO [o.n.k.i.DiagnosticsManager]  [classpath] /Users/pavel.koupil/.m2/repository/org/neo4j/neo4j-cypher-compiler-3.2/3.2.5/neo4j-cypher-compiler-3.2-3.2.5.jar
2021-03-03 12:54:21.363+0000 INFO [o.n.k.i.DiagnosticsManager]  [classpath] /Users/pavel.koupil/.m2/repository/org/ow2/asm/asm-analysis/5.2/asm-analysis-5.2.jar
2021-03-03 12:54:21.363+0000 INFO [o.n.k.i.DiagnosticsManager]  [classpath] /Users/pavel.koupil/.m2/repository/org/apache/commons/commons-lang3/3.11/commons-lang3-3.11.jar
2021-03-03 12:54:21.363+0000 INFO [o.n.k.i.DiagnosticsManager]  [classpath] /Users/pavel.koupil/.m2/repository/org/neo4j/neo4j-cypher-compiler-3.3/3.3.0/neo4j-cypher-compiler-3.3-3.3.0.jar
2021-03-03 12:54:21.363+0000 INFO [o.n.k.i.DiagnosticsManager]  [classpath] /Users/pavel.koupil/.m2/repository/commons-logging/commons-logging/1.2/commons-logging-1.2.jar
2021-03-03 12:54:21.363+0000 INFO [o.n.k.i.DiagnosticsManager]  [classpath] /Users/pavel.koupil/.m2/repository/org/ow2/asm/asm-tree/5.2/asm-tree-5.2.jar
2021-03-03 12:54:21.363+0000 INFO [o.n.k.i.DiagnosticsManager]  [classpath] /Users/pavel.koupil/.m2/repository/org/neo4j/neo4j-index/3.3.0/neo4j-index-3.3.0.jar
2021-03-03 12:54:21.363+0000 INFO [o.n.k.i.DiagnosticsManager]  [classpath] /Users/pavel.koupil/.m2/repository/org/neo4j/neo4j-command-line/3.3.0/neo4j-command-line-3.3.0.jar
2021-03-03 12:54:21.364+0000 INFO [o.n.k.i.DiagnosticsManager]  [classpath] /Users/pavel.koupil/.m2/repository/org/neo4j/neo4j-logging/3.3.0/neo4j-logging-3.3.0.jar
2021-03-03 12:54:21.364+0000 INFO [o.n.k.i.DiagnosticsManager]  [classpath] /Users/pavel.koupil/.m2/repository/org/apache/lucene/lucene-analyzers-common/5.5.0/lucene-analyzers-common-5.5.0.jar
2021-03-03 12:54:21.364+0000 INFO [o.n.k.i.DiagnosticsManager]  [classpath] /Users/pavel.koupil/.m2/repository/org/neo4j/neo4j-resource/3.3.0/neo4j-resource-3.3.0.jar
2021-03-03 12:54:21.364+0000 INFO [o.n.k.i.DiagnosticsManager]  [classpath] /Users/pavel.koupil/.m2/repository/org/scala-lang/scala-reflect/2.11.11/scala-reflect-2.11.11.jar
2021-03-03 12:54:21.364+0000 INFO [o.n.k.i.DiagnosticsManager]  [classpath] /Users/pavel.koupil/.m2/repository/org/neo4j/neo4j-common/3.3.0/neo4j-common-3.3.0.jar
2021-03-03 12:54:21.364+0000 INFO [o.n.k.i.DiagnosticsManager]  [classpath] /Users/pavel.koupil/.m2/repository/org/neo4j/neo4j-values/3.3.0/neo4j-values-3.3.0.jar
2021-03-03 12:54:21.364+0000 INFO [o.n.k.i.DiagnosticsManager]  [classpath] /Users/pavel.koupil/.m2/repository/org/neo4j/neo4j-csv/3.3.0/neo4j-csv-3.3.0.jar
2021-03-03 12:54:21.365+0000 INFO [o.n.k.i.DiagnosticsManager]  [classpath] /Users/pavel.koupil/.m2/repository/org/neo4j/neo4j-collections/3.3.0/neo4j-collections-3.3.0.jar
2021-03-03 12:54:21.365+0000 INFO [o.n.k.i.DiagnosticsManager]  [classpath] /Users/pavel.koupil/.m2/repository/org/neo4j/neo4j-cypher-ir-3.3/3.3.0/neo4j-cypher-ir-3.3-3.3.0.jar
2021-03-03 12:54:21.365+0000 INFO [o.n.k.i.DiagnosticsManager] Library path:
2021-03-03 12:54:21.366+0000 INFO [o.n.k.i.DiagnosticsManager] /Users/pavel.koupil/Library/Java/Extensions
2021-03-03 12:54:21.367+0000 INFO [o.n.k.i.DiagnosticsManager] /Library/Java/Extensions
2021-03-03 12:54:21.367+0000 INFO [o.n.k.i.DiagnosticsManager] /Network/Library/Java/Extensions
2021-03-03 12:54:21.367+0000 INFO [o.n.k.i.DiagnosticsManager] /System/Library/Java/Extensions
2021-03-03 12:54:21.368+0000 INFO [o.n.k.i.DiagnosticsManager] /usr/lib/java
2021-03-03 12:54:21.368+0000 INFO [o.n.k.i.DiagnosticsManager] /Users/pavel.koupil/Projects/cat-transformations
2021-03-03 12:54:21.368+0000 INFO [o.n.k.i.DiagnosticsManager] System.properties:
2021-03-03 12:54:21.368+0000 INFO [o.n.k.i.DiagnosticsManager] sun.jnu.encoding = UTF-8
2021-03-03 12:54:21.368+0000 INFO [o.n.k.i.DiagnosticsManager] sun.arch.data.model = 64
2021-03-03 12:54:21.368+0000 INFO [o.n.k.i.DiagnosticsManager] user.timezone = Europe/Prague
2021-03-03 12:54:21.368+0000 INFO [o.n.k.i.DiagnosticsManager] sun.java.launcher = SUN_STANDARD
2021-03-03 12:54:21.368+0000 INFO [o.n.k.i.DiagnosticsManager] user.country = CZ
2021-03-03 12:54:21.369+0000 INFO [o.n.k.i.DiagnosticsManager] sun.boot.library.path = /Library/Java/JavaVirtualMachines/jdk-15.0.2.jdk/Contents/Home/lib
2021-03-03 12:54:21.369+0000 INFO [o.n.k.i.DiagnosticsManager] sun.java.command = cat.transformations.Neo4jApp
2021-03-03 12:54:21.369+0000 INFO [o.n.k.i.DiagnosticsManager] http.nonProxyHosts = local|*.local|169.254/16|*.169.254/16
2021-03-03 12:54:21.369+0000 INFO [o.n.k.i.DiagnosticsManager] jdk.debug = release
2021-03-03 12:54:21.369+0000 INFO [o.n.k.i.DiagnosticsManager] sun.cpu.endian = little
2021-03-03 12:54:21.369+0000 INFO [o.n.k.i.DiagnosticsManager] user.home = /Users/pavel.koupil
2021-03-03 12:54:21.369+0000 INFO [o.n.k.i.DiagnosticsManager] user.language = cs
2021-03-03 12:54:21.369+0000 INFO [o.n.k.i.DiagnosticsManager] file.separator = /
2021-03-03 12:54:21.369+0000 INFO [o.n.k.i.DiagnosticsManager] sun.management.compiler = HotSpot 64-Bit Tiered Compilers
2021-03-03 12:54:21.369+0000 INFO [o.n.k.i.DiagnosticsManager] ftp.nonProxyHosts = local|*.local|169.254/16|*.169.254/16
2021-03-03 12:54:21.369+0000 INFO [o.n.k.i.DiagnosticsManager] user.name = pavel.koupil
2021-03-03 12:54:21.369+0000 INFO [o.n.k.i.DiagnosticsManager] path.separator = :
2021-03-03 12:54:21.369+0000 INFO [o.n.k.i.DiagnosticsManager] file.encoding = UTF-8
2021-03-03 12:54:21.369+0000 INFO [o.n.k.i.DiagnosticsManager] user.dir = /Users/pavel.koupil/Projects/cat-transformations
2021-03-03 12:54:21.369+0000 INFO [o.n.k.i.DiagnosticsManager] sun.io.unicode.encoding = UnicodeBig
2021-03-03 12:54:21.370+0000 INFO [o.n.k.i.DiagnosticsManager] socksNonProxyHosts = local|*.local|169.254/16|*.169.254/16
2021-03-03 12:54:21.370+0000 INFO [o.n.k.i.DiagnosticsManager] Network information:
2021-03-03 12:54:21.379+0000 INFO [o.n.k.i.DiagnosticsManager] Interface utun5:
2021-03-03 12:54:21.380+0000 INFO [o.n.k.i.DiagnosticsManager]     address: fe80:0:0:0:3fe0:a9c1:484b:2fdd%utun5
2021-03-03 12:54:21.380+0000 INFO [o.n.k.i.DiagnosticsManager] Interface utun4:
2021-03-03 12:54:21.380+0000 INFO [o.n.k.i.DiagnosticsManager]     address: fe80:0:0:0:88a3:9a75:c77d:de98%utun4
2021-03-03 12:54:21.380+0000 INFO [o.n.k.i.DiagnosticsManager] Interface utun3:
2021-03-03 12:54:21.380+0000 INFO [o.n.k.i.DiagnosticsManager]     address: fe80:0:0:0:3768:abb:70c3:55c4%utun3
2021-03-03 12:54:21.380+0000 INFO [o.n.k.i.DiagnosticsManager] Interface utun2:
2021-03-03 12:54:21.380+0000 INFO [o.n.k.i.DiagnosticsManager]     address: fe80:0:0:0:b7b8:1bbc:e0f7:4033%utun2
2021-03-03 12:54:21.381+0000 INFO [o.n.k.i.DiagnosticsManager] Interface utun1:
2021-03-03 12:54:21.381+0000 INFO [o.n.k.i.DiagnosticsManager]     address: fe80:0:0:0:6f9b:4038:34d0:2fc0%utun1
2021-03-03 12:54:21.381+0000 INFO [o.n.k.i.DiagnosticsManager] Interface utun0:
2021-03-03 12:54:21.381+0000 INFO [o.n.k.i.DiagnosticsManager]     address: fe80:0:0:0:f384:3725:1297:848e%utun0
2021-03-03 12:54:21.382+0000 INFO [o.n.k.i.DiagnosticsManager] Interface llw0:
2021-03-03 12:54:21.383+0000 INFO [o.n.k.i.DiagnosticsManager]     address: fe80:0:0:0:c892:85ff:fea7:6745%llw0
2021-03-03 12:54:21.383+0000 INFO [o.n.k.i.DiagnosticsManager] Interface awdl0:
2021-03-03 12:54:21.384+0000 INFO [o.n.k.i.DiagnosticsManager]     address: fe80:0:0:0:c892:85ff:fea7:6745%awdl0
2021-03-03 12:54:21.384+0000 INFO [o.n.k.i.DiagnosticsManager] Interface bridge100:
2021-03-03 12:54:21.384+0000 INFO [o.n.k.i.DiagnosticsManager]     address: fe80:0:0:0:1854:4229:e0f8:da90%bridge100
2021-03-03 12:54:21.384+0000 INFO [o.n.k.i.DiagnosticsManager]     address: 172.16.254.1
2021-03-03 12:54:21.384+0000 INFO [o.n.k.i.DiagnosticsManager] Interface en0:
2021-03-03 12:54:21.385+0000 INFO [o.n.k.i.DiagnosticsManager]     address: fe80:0:0:0:1cd4:ed6f:76cc:c99%en0
2021-03-03 12:54:21.385+0000 INFO [o.n.k.i.DiagnosticsManager]     address: 192.168.0.149
2021-03-03 12:54:21.385+0000 INFO [o.n.k.i.DiagnosticsManager] Interface lo0:
2021-03-03 12:54:21.385+0000 INFO [o.n.k.i.DiagnosticsManager]     address: fe80:0:0:0:0:0:0:1%lo0
2021-03-03 12:54:21.385+0000 INFO [o.n.k.i.DiagnosticsManager]     address: 0:0:0:0:0:0:0:1%lo0
2021-03-03 12:54:21.385+0000 INFO [o.n.k.i.DiagnosticsManager]     address: 127.0.0.1
2021-03-03 12:54:21.385+0000 INFO [o.n.k.i.DiagnosticsManager] --- INITIALIZED diagnostics END ---
2021-03-03 12:54:21.689+0000 INFO [o.n.k.i.s.f.RecordFormatSelector] Selected RecordFormat:StandardV3_2[v0.A.8] record format from store /Users/pavel.koupil/Projects/cat-transformations/MyNeo4jDB
2021-03-03 12:54:21.729+0000 INFO [o.n.k.i.s.f.RecordFormatSelector] Selected RecordFormat:StandardV3_2[v0.A.8] record format from store /Users/pavel.koupil/Projects/cat-transformations/MyNeo4jDB
2021-03-03 12:54:21.730+0000 INFO [o.n.k.i.s.f.RecordFormatSelector] Format not configured. Selected format from the store: RecordFormat:StandardV3_2[v0.A.8]
2021-03-03 12:54:22.099+0000 INFO [o.n.k.i.a.i.IndexingService] IndexingService.init: indexes not specifically mentioned above are null
2021-03-03 12:54:22.140+0000 INFO [o.n.k.NeoStoreDataSource] No commits found after last check point (which is at LogPosition{logVersion=0, byteOffset=3765})
2021-03-03 12:54:22.151+0000 INFO [o.n.k.i.a.i.IndexingService] IndexingService.start: indexes not specifically mentioned above are null
2021-03-03 12:54:22.156+0000 INFO [o.n.k.i.DatabaseHealth] Database health set to OK
2021-03-03 12:54:22.663+0000 INFO [o.n.k.AvailabilityGuard] Fulfilling of requirement makes database available: Database available
2021-03-03 12:54:22.663+0000 INFO [o.n.k.i.f.GraphDatabaseFacadeFactory] Database is now ready
2021-03-03 12:54:22.664+0000 INFO [o.n.k.i.DiagnosticsManager] --- STARTED diagnostics for KernelDiagnostics:Versions START ---
2021-03-03 12:54:22.665+0000 INFO [o.n.k.i.DiagnosticsManager] Graph Database: community single StoreId{creationTime=1614775574466, randomId=-8456867422875920242, storeVersion=15813456178476550, upgradeTime=1614775574466, upgradeId=1}
2021-03-03 12:54:22.665+0000 INFO [o.n.k.i.DiagnosticsManager] Kernel version: 3.3.0,5b700972242a5ec3e0140261120f2845fb3520ad
2021-03-03 12:54:22.666+0000 INFO [o.n.k.i.DiagnosticsManager] --- STARTED diagnostics for KernelDiagnostics:Versions END ---
2021-03-03 12:54:22.669+0000 INFO [o.n.k.i.DiagnosticsManager] --- STARTED diagnostics for NEO_STORE_VERSIONS START ---
2021-03-03 12:54:22.669+0000 INFO [o.n.k.i.DiagnosticsManager] Store versions:
2021-03-03 12:54:22.669+0000 INFO [o.n.k.i.DiagnosticsManager] Store versions:
2021-03-03 12:54:22.669+0000 INFO [o.n.k.i.DiagnosticsManager]   ArrayPropertyStore v0.A.8
2021-03-03 12:54:22.669+0000 INFO [o.n.k.i.DiagnosticsManager]   NodeStore v0.A.8
2021-03-03 12:54:22.669+0000 INFO [o.n.k.i.DiagnosticsManager]   StringPropertyStore v0.A.8
2021-03-03 12:54:22.669+0000 INFO [o.n.k.i.DiagnosticsManager]   PropertyIndexStore v0.A.8
2021-03-03 12:54:22.670+0000 INFO [o.n.k.i.DiagnosticsManager]   StringPropertyStore v0.A.8
2021-03-03 12:54:22.670+0000 INFO [o.n.k.i.DiagnosticsManager]   ArrayPropertyStore v0.A.8
2021-03-03 12:54:22.670+0000 INFO [o.n.k.i.DiagnosticsManager]   PropertyStore v0.A.8
2021-03-03 12:54:22.670+0000 INFO [o.n.k.i.DiagnosticsManager]   RelationshipStore v0.A.8
2021-03-03 12:54:22.670+0000 INFO [o.n.k.i.DiagnosticsManager]   StringPropertyStore v0.A.8
2021-03-03 12:54:22.670+0000 INFO [o.n.k.i.DiagnosticsManager]   RelationshipTypeStore v0.A.8
2021-03-03 12:54:22.670+0000 INFO [o.n.k.i.DiagnosticsManager]   StringPropertyStore v0.A.8
2021-03-03 12:54:22.670+0000 INFO [o.n.k.i.DiagnosticsManager]   LabelTokenStore v0.A.8
2021-03-03 12:54:22.670+0000 INFO [o.n.k.i.DiagnosticsManager]   SchemaStore v0.A.8
2021-03-03 12:54:22.670+0000 INFO [o.n.k.i.DiagnosticsManager]   RelationshipGroupStore v0.A.8
2021-03-03 12:54:22.671+0000 INFO [o.n.k.i.DiagnosticsManager]   NeoStore v0.A.8
2021-03-03 12:54:22.671+0000 INFO [o.n.k.i.DiagnosticsManager] --- STARTED diagnostics for NEO_STORE_VERSIONS END ---
2021-03-03 12:54:22.671+0000 INFO [o.n.k.i.DiagnosticsManager] --- STARTED diagnostics for NEO_STORE_ID_USAGE START ---
2021-03-03 12:54:22.671+0000 INFO [o.n.k.i.DiagnosticsManager] Id usage:
2021-03-03 12:54:22.671+0000 INFO [o.n.k.i.DiagnosticsManager] Id usage:
2021-03-03 12:54:22.671+0000 INFO [o.n.k.i.DiagnosticsManager]   ArrayPropertyStore: used=1 high=0
2021-03-03 12:54:22.671+0000 INFO [o.n.k.i.DiagnosticsManager]   NodeStore: used=7 high=19
2021-03-03 12:54:22.671+0000 INFO [o.n.k.i.DiagnosticsManager]   StringPropertyStore: used=5 high=4
2021-03-03 12:54:22.672+0000 INFO [o.n.k.i.DiagnosticsManager]   PropertyIndexStore: used=4 high=3
2021-03-03 12:54:22.672+0000 INFO [o.n.k.i.DiagnosticsManager]   StringPropertyStore: used=1 high=0
2021-03-03 12:54:22.672+0000 INFO [o.n.k.i.DiagnosticsManager]   ArrayPropertyStore: used=1 high=0
2021-03-03 12:54:22.672+0000 INFO [o.n.k.i.DiagnosticsManager]   PropertyStore: used=14 high=19
2021-03-03 12:54:22.673+0000 INFO [o.n.k.i.DiagnosticsManager]   RelationshipStore: used=10 high=19
2021-03-03 12:54:22.673+0000 INFO [o.n.k.i.DiagnosticsManager]   StringPropertyStore: used=3 high=2
2021-03-03 12:54:22.673+0000 INFO [o.n.k.i.DiagnosticsManager]   RelationshipTypeStore: used=2 high=1
2021-03-03 12:54:22.673+0000 INFO [o.n.k.i.DiagnosticsManager]   StringPropertyStore: used=3 high=2
2021-03-03 12:54:22.674+0000 INFO [o.n.k.i.DiagnosticsManager]   LabelTokenStore: used=2 high=1
2021-03-03 12:54:22.674+0000 INFO [o.n.k.i.DiagnosticsManager]   SchemaStore: used=1 high=0
2021-03-03 12:54:22.674+0000 INFO [o.n.k.i.DiagnosticsManager]   RelationshipGroupStore: used=1 high=0
2021-03-03 12:54:22.674+0000 INFO [o.n.k.i.DiagnosticsManager]   NeoStore: used=15 high=14
2021-03-03 12:54:22.675+0000 INFO [o.n.k.i.DiagnosticsManager] --- STARTED diagnostics for NEO_STORE_ID_USAGE END ---
2021-03-03 12:54:22.675+0000 INFO [o.n.k.i.DiagnosticsManager] --- STARTED diagnostics for NEO_STORE_RECORDS START ---
2021-03-03 12:54:22.675+0000 INFO [o.n.k.i.DiagnosticsManager] Neostore records:
2021-03-03 12:54:22.676+0000 INFO [o.n.k.i.DiagnosticsManager] TIME (Creation time): 1614775574466
2021-03-03 12:54:22.676+0000 INFO [o.n.k.i.DiagnosticsManager] RANDOM_NUMBER (Random number for store id): -8456867422875920242
2021-03-03 12:54:22.676+0000 INFO [o.n.k.i.DiagnosticsManager] LOG_VERSION (Current log version): 0
2021-03-03 12:54:22.677+0000 INFO [o.n.k.i.DiagnosticsManager] LAST_TRANSACTION_ID (Last committed transaction): 10
2021-03-03 12:54:22.677+0000 INFO [o.n.k.i.DiagnosticsManager] STORE_VERSION (Store format version): 15813456178476550
2021-03-03 12:54:22.677+0000 INFO [o.n.k.i.DiagnosticsManager] FIRST_GRAPH_PROPERTY (First property record containing graph properties): -1
2021-03-03 12:54:22.677+0000 INFO [o.n.k.i.DiagnosticsManager] LAST_CONSTRAINT_TRANSACTION (Last committed transaction containing constraint changes): 0
2021-03-03 12:54:22.677+0000 INFO [o.n.k.i.DiagnosticsManager] UPGRADE_TRANSACTION_ID (Transaction id most recent upgrade was performed at): 1
2021-03-03 12:54:22.677+0000 INFO [o.n.k.i.DiagnosticsManager] UPGRADE_TIME (Time of last upgrade): 1614775574466
2021-03-03 12:54:22.678+0000 INFO [o.n.k.i.DiagnosticsManager] LAST_TRANSACTION_CHECKSUM (Checksum of last committed transaction): -159052886926
2021-03-03 12:54:22.678+0000 INFO [o.n.k.i.DiagnosticsManager] UPGRADE_TRANSACTION_CHECKSUM (Checksum of transaction id the most recent upgrade was performed at): 0
2021-03-03 12:54:22.678+0000 INFO [o.n.k.i.DiagnosticsManager] LAST_CLOSED_TRANSACTION_LOG_VERSION (Log version where the last transaction commit entry has been written into): 0
2021-03-03 12:54:22.678+0000 INFO [o.n.k.i.DiagnosticsManager] LAST_CLOSED_TRANSACTION_LOG_BYTE_OFFSET (Byte offset in the log file where the last transaction commit entry has been written into): 3765
2021-03-03 12:54:22.678+0000 INFO [o.n.k.i.DiagnosticsManager] LAST_TRANSACTION_COMMIT_TIMESTAMP (Commit time timestamp for last committed transaction): 1614775578197
2021-03-03 12:54:22.679+0000 INFO [o.n.k.i.DiagnosticsManager] UPGRADE_TRANSACTION_COMMIT_TIMESTAMP (Commit timestamp of transaction the most recent upgrade was performed at): 0
2021-03-03 12:54:22.680+0000 INFO [o.n.k.i.DiagnosticsManager] --- STARTED diagnostics for NEO_STORE_RECORDS END ---
2021-03-03 12:54:22.681+0000 INFO [o.n.k.i.DiagnosticsManager] --- STARTED diagnostics for TRANSACTION_RANGE START ---
2021-03-03 12:54:22.681+0000 INFO [o.n.k.i.DiagnosticsManager] Transaction log:
2021-03-03 12:54:22.682+0000 INFO [o.n.k.i.DiagnosticsManager] Oldest transaction 2 found in log with version 0
2021-03-03 12:54:22.682+0000 INFO [o.n.k.i.DiagnosticsManager] --- STARTED diagnostics for TRANSACTION_RANGE END ---
2021-03-03 12:54:22.687+0000 INFO [o.n.k.i.DiagnosticsManager] --- STARTED diagnostics for KernelDiagnostics:StoreFiles START ---
2021-03-03 12:54:22.688+0000 INFO [o.n.k.i.DiagnosticsManager] Disk space on partition (Total / Free / Free %): 250685575168 / 155586641920 / 62
2021-03-03 12:54:22.688+0000 INFO [o.n.k.i.DiagnosticsManager] Storage files: (filename : modification date - size)
2021-03-03 12:54:22.690+0000 INFO [o.n.k.i.DiagnosticsManager]   index:
2021-03-03 12:54:22.691+0000 INFO [o.n.k.i.DiagnosticsManager]   - Total: 2021-03-03T13:46:14+0100 - 0,00 B
2021-03-03 12:54:22.691+0000 INFO [o.n.k.i.DiagnosticsManager]   logs:
2021-03-03 12:54:22.692+0000 INFO [o.n.k.i.DiagnosticsManager]     debug.log: 2021-03-03T13:54:22+0100 - 70,62 kB
2021-03-03 12:54:22.693+0000 INFO [o.n.k.i.DiagnosticsManager]   - Total: 2021-03-03T13:46:12+0100 - 70,62 kB
2021-03-03 12:54:22.693+0000 INFO [o.n.k.i.DiagnosticsManager]   neostore: 2021-03-03T13:46:18+0100 - 8,00 kB
2021-03-03 12:54:22.693+0000 INFO [o.n.k.i.DiagnosticsManager]   neostore.counts.db.a: 2021-03-03T13:46:14+0100 - 96,00 B
2021-03-03 12:54:22.694+0000 INFO [o.n.k.i.DiagnosticsManager]   neostore.counts.db.b: 2021-03-03T13:46:18+0100 - 512,00 B
2021-03-03 12:54:22.694+0000 INFO [o.n.k.i.DiagnosticsManager]   neostore.id: 2021-03-03T13:54:21+0100 - 9,00 B
2021-03-03 12:54:22.695+0000 INFO [o.n.k.i.DiagnosticsManager]   neostore.labelscanstore.db: 2021-03-03T13:54:22+0100 - 48,00 kB
2021-03-03 12:54:22.695+0000 INFO [o.n.k.i.DiagnosticsManager]   neostore.labeltokenstore.db: 2021-03-03T13:46:18+0100 - 8,00 kB
2021-03-03 12:54:22.696+0000 INFO [o.n.k.i.DiagnosticsManager]   neostore.labeltokenstore.db.id: 2021-03-03T13:54:21+0100 - 9,00 B
2021-03-03 12:54:22.696+0000 INFO [o.n.k.i.DiagnosticsManager]   neostore.labeltokenstore.db.names: 2021-03-03T13:46:18+0100 - 8,00 kB
2021-03-03 12:54:22.697+0000 INFO [o.n.k.i.DiagnosticsManager]   neostore.labeltokenstore.db.names.id: 2021-03-03T13:54:21+0100 - 9,00 B
2021-03-03 12:54:22.698+0000 INFO [o.n.k.i.DiagnosticsManager]   neostore.nodestore.db: 2021-03-03T13:46:18+0100 - 8,00 kB
2021-03-03 12:54:22.699+0000 INFO [o.n.k.i.DiagnosticsManager]   neostore.nodestore.db.id: 2021-03-03T13:54:21+0100 - 113,00 B
2021-03-03 12:54:22.699+0000 INFO [o.n.k.i.DiagnosticsManager]   neostore.nodestore.db.labels: 2021-03-03T13:46:14+0100 - 8,00 kB
2021-03-03 12:54:22.700+0000 INFO [o.n.k.i.DiagnosticsManager]   neostore.nodestore.db.labels.id: 2021-03-03T13:54:21+0100 - 9,00 B
2021-03-03 12:54:22.700+0000 INFO [o.n.k.i.DiagnosticsManager]   neostore.propertystore.db: 2021-03-03T13:46:18+0100 - 7,97 kB
2021-03-03 12:54:22.701+0000 INFO [o.n.k.i.DiagnosticsManager]   neostore.propertystore.db.arrays: 2021-03-03T13:46:14+0100 - 8,00 kB
2021-03-03 12:54:22.701+0000 INFO [o.n.k.i.DiagnosticsManager]   neostore.propertystore.db.arrays.id: 2021-03-03T13:54:21+0100 - 9,00 B
2021-03-03 12:54:22.702+0000 INFO [o.n.k.i.DiagnosticsManager]   neostore.propertystore.db.id: 2021-03-03T13:54:21+0100 - 57,00 B
2021-03-03 12:54:22.702+0000 INFO [o.n.k.i.DiagnosticsManager]   neostore.propertystore.db.index: 2021-03-03T13:46:18+0100 - 8,00 kB
2021-03-03 12:54:22.702+0000 INFO [o.n.k.i.DiagnosticsManager]   neostore.propertystore.db.index.id: 2021-03-03T13:54:21+0100 - 9,00 B
2021-03-03 12:54:22.703+0000 INFO [o.n.k.i.DiagnosticsManager]   neostore.propertystore.db.index.keys: 2021-03-03T13:46:18+0100 - 8,00 kB
2021-03-03 12:54:22.703+0000 INFO [o.n.k.i.DiagnosticsManager]   neostore.propertystore.db.index.keys.id: 2021-03-03T13:54:21+0100 - 9,00 B
2021-03-03 12:54:22.703+0000 INFO [o.n.k.i.DiagnosticsManager]   neostore.propertystore.db.strings: 2021-03-03T13:46:14+0100 - 8,00 kB
2021-03-03 12:54:22.704+0000 INFO [o.n.k.i.DiagnosticsManager]   neostore.propertystore.db.strings.id: 2021-03-03T13:54:21+0100 - 9,00 B
2021-03-03 12:54:22.704+0000 INFO [o.n.k.i.DiagnosticsManager]   neostore.relationshipgroupstore.db: 2021-03-03T13:46:14+0100 - 8,00 kB
2021-03-03 12:54:22.705+0000 INFO [o.n.k.i.DiagnosticsManager]   neostore.relationshipgroupstore.db.id: 2021-03-03T13:54:21+0100 - 9,00 B
2021-03-03 12:54:22.705+0000 INFO [o.n.k.i.DiagnosticsManager]   neostore.relationshipstore.db: 2021-03-03T13:46:18+0100 - 7,97 kB
2021-03-03 12:54:22.706+0000 INFO [o.n.k.i.DiagnosticsManager]   neostore.relationshipstore.db.id: 2021-03-03T13:54:21+0100 - 89,00 B
2021-03-03 12:54:22.706+0000 INFO [o.n.k.i.DiagnosticsManager]   neostore.relationshiptypestore.db: 2021-03-03T13:46:18+0100 - 8,00 kB
2021-03-03 12:54:22.706+0000 INFO [o.n.k.i.DiagnosticsManager]   neostore.relationshiptypestore.db.id: 2021-03-03T13:54:21+0100 - 9,00 B
2021-03-03 12:54:22.707+0000 INFO [o.n.k.i.DiagnosticsManager]   neostore.relationshiptypestore.db.names: 2021-03-03T13:46:18+0100 - 8,00 kB
2021-03-03 12:54:22.707+0000 INFO [o.n.k.i.DiagnosticsManager]   neostore.relationshiptypestore.db.names.id: 2021-03-03T13:54:21+0100 - 9,00 B
2021-03-03 12:54:22.708+0000 INFO [o.n.k.i.DiagnosticsManager]   neostore.schemastore.db: 2021-03-03T13:46:14+0100 - 8,00 kB
2021-03-03 12:54:22.708+0000 INFO [o.n.k.i.DiagnosticsManager]   neostore.schemastore.db.id: 2021-03-03T13:54:21+0100 - 9,00 B
2021-03-03 12:54:22.709+0000 INFO [o.n.k.i.DiagnosticsManager]   neostore.transaction.db.0: 2021-03-03T13:46:18+0100 - 3,69 kB
2021-03-03 12:54:22.709+0000 INFO [o.n.k.i.DiagnosticsManager]   store_lock: 2021-03-03T13:46:13+0100 - 0,00 B
2021-03-03 12:54:22.710+0000 INFO [o.n.k.i.DiagnosticsManager] Storage summary: 
2021-03-03 12:54:22.710+0000 INFO [o.n.k.i.DiagnosticsManager]   Total size of store: 243,19 kB
2021-03-03 12:54:22.710+0000 INFO [o.n.k.i.DiagnosticsManager]   Total size of mapped files: 167,93 kB
2021-03-03 12:54:22.710+0000 INFO [o.n.k.i.DiagnosticsManager] --- STARTED diagnostics for KernelDiagnostics:StoreFiles END ---
2021-03-03 12:54:25.662+0000 INFO [o.n.k.i.f.GraphDatabaseFacadeFactory] Shutdown started
2021-03-03 12:54:25.663+0000 INFO [o.n.k.i.f.GraphDatabaseFacadeFactory] Database is now unavailable
2021-03-03 12:54:25.671+0000 INFO [o.n.k.i.t.l.c.CheckPointerImpl] Check Pointing triggered by database shutdown [11]:  Starting check pointing...
2021-03-03 12:54:25.671+0000 INFO [o.n.k.i.t.l.c.CheckPointerImpl] Check Pointing triggered by database shutdown [11]:  Starting store flush...
2021-03-03 12:54:25.693+0000 INFO [o.n.k.i.s.c.CountsTracker] About to rotate counts store at transaction 11 to [/Users/pavel.koupil/Projects/cat-transformations/MyNeo4jDB/neostore.counts.db.a], from [/Users/pavel.koupil/Projects/cat-transformations/MyNeo4jDB/neostore.counts.db.b].
2021-03-03 12:54:25.701+0000 INFO [o.n.k.i.s.c.CountsTracker] Successfully rotated counts store at transaction 11 to [/Users/pavel.koupil/Projects/cat-transformations/MyNeo4jDB/neostore.counts.db.a], from [/Users/pavel.koupil/Projects/cat-transformations/MyNeo4jDB/neostore.counts.db.b].
2021-03-03 12:54:25.742+0000 INFO [o.n.k.i.t.l.c.CheckPointerImpl] Check Pointing triggered by database shutdown [11]:  Store flush completed
2021-03-03 12:54:25.743+0000 INFO [o.n.k.i.t.l.c.CheckPointerImpl] Check Pointing triggered by database shutdown [11]:  Starting appending check point entry into the tx log...
2021-03-03 12:54:25.750+0000 INFO [o.n.k.i.t.l.c.CheckPointerImpl] Check Pointing triggered by database shutdown [11]:  Appending check point entry into the tx log completed
2021-03-03 12:54:25.751+0000 INFO [o.n.k.i.t.l.c.CheckPointerImpl] Check Pointing triggered by database shutdown [11]:  Check pointing completed
2021-03-03 12:54:25.751+0000 INFO [o.n.k.i.t.l.p.LogPruningImpl] Log Rotation [0]:  Starting log pruning.
2021-03-03 12:54:25.751+0000 INFO [o.n.k.i.t.l.p.LogPruningImpl] Log Rotation [0]:  Log pruning complete.
2021-03-03 12:54:25.882+0000 INFO [o.n.k.i.DiagnosticsManager] --- STOPPING diagnostics START ---
2021-03-03 12:54:25.882+0000 INFO [o.n.k.i.DiagnosticsManager] --- STOPPING diagnostics END ---
